<?xml version="1.0" ?>
<!DOCTYPE coverage
  SYSTEM 'http://cobertura.sourceforge.net/xml/coverage-03.dtd'>
<coverage branch-rate="0.219" line-rate="0.4184" timestamp="1366279050217" version="3.6">
	<!-- Generated by coverage.py: http://nedbatchelder.com/code/coverage -->
	<packages>
		<package branch-rate="0.3269" complexity="0" line-rate="0.6942" name="">
			<classes>
				<class branch-rate="0" complexity="0" filename="report/__init__.py" line-rate="0" name="report/__init__">
					<methods/>
					<lines/>
				</class>
				<class branch-rate="0" complexity="0" filename="report/admin.py" line-rate="0" name="report/admin">
					<methods/>
					<lines>
						<line hits="0" number="1"/>
						<line hits="0" number="2"/>
						<line hits="0" number="3"/>
						<line hits="0" number="5"/>
						<line hits="0" number="6"/>
						<line hits="0" number="8"/>
						<line hits="0" number="9"/>
						<line hits="0" number="11"/>
						<line hits="0" number="12"/>
					</lines>
				</class>
				<class branch-rate="0" complexity="0" filename="report/models.py" line-rate="1" name="report/models">
					<methods/>
					<lines>
						<line hits="1" number="1"/>
						<line hits="1" number="4"/>
						<line hits="1" number="5"/>
						<line hits="1" number="6"/>
						<line hits="1" number="7"/>
						<line hits="1" number="9"/>
						<line hits="1" number="10"/>
						<line hits="1" number="12"/>
						<line hits="1" number="13"/>
						<line hits="1" number="14"/>
						<line hits="1" number="17"/>
						<line hits="1" number="18"/>
						<line hits="1" number="19"/>
						<line hits="1" number="20"/>
						<line hits="1" number="21"/>
						<line hits="1" number="23"/>
						<line hits="1" number="24"/>
						<line hits="1" number="26"/>
						<line hits="1" number="27"/>
						<line hits="1" number="28"/>
						<line hits="1" number="29"/>
					</lines>
				</class>
				<class branch-rate="0" complexity="0" filename="report/tests.py" line-rate="1" name="report/tests">
					<methods/>
					<lines>
						<line hits="1" number="8"/>
						<line hits="1" number="9"/>
						<line hits="1" number="10"/>
						<line hits="1" number="13"/>
						<line hits="1" number="14"/>
						<line hits="1" number="18"/>
						<line hits="1" number="21"/>
						<line hits="1" number="23"/>
						<line hits="1" number="24"/>
						<line hits="1" number="25"/>
						<line hits="1" number="26"/>
						<line hits="1" number="29"/>
						<line hits="1" number="30"/>
						<line hits="1" number="31"/>
					</lines>
				</class>
				<class branch-rate="0" complexity="0" filename="report/views.py" line-rate="0" name="report/views">
					<methods/>
					<lines/>
				</class>
				<class branch-rate="0" complexity="0" filename="search/__init__.py" line-rate="0" name="search/__init__">
					<methods/>
					<lines/>
				</class>
				<class branch-rate="0" complexity="0" filename="search/admin.py" line-rate="0" name="search/admin">
					<methods/>
					<lines>
						<line hits="0" number="1"/>
						<line hits="0" number="3"/>
						<line hits="0" number="5"/>
						<line hits="0" number="6"/>
						<line hits="0" number="8"/>
						<line hits="0" number="9"/>
						<line hits="0" number="11"/>
						<line hits="0" number="12"/>
						<line hits="0" number="14"/>
						<line hits="0" number="15"/>
						<line hits="0" number="16"/>
						<line hits="0" number="17"/>
						<line hits="0" number="18"/>
					</lines>
				</class>
				<class branch-rate="0" complexity="0" filename="search/cron.py" line-rate="0" name="search/cron">
					<methods/>
					<lines>
						<line hits="0" number="1"/>
						<line hits="0" number="2"/>
						<line hits="0" number="4"/>
						<line hits="0" number="5"/>
						<line hits="0" number="8"/>
						<line hits="0" number="12"/>
					</lines>
				</class>
				<class branch-rate="0" complexity="0" filename="search/management/__init__.py" line-rate="0" name="search/management/__init__">
					<methods/>
					<lines/>
				</class>
				<class branch-rate="0" complexity="0" filename="search/management/commands/__init__.py" line-rate="0" name="search/management/commands/__init__">
					<methods/>
					<lines/>
				</class>
				<class branch-rate="0.09091" complexity="0" filename="search/management/commands/launch_research.py" line-rate="0" name="search/management/commands/launch_research">
					<methods/>
					<lines>
						<line hits="0" number="1"/>
						<line hits="0" number="2"/>
						<line hits="0" number="3"/>
						<line hits="0" number="4"/>
						<line hits="0" number="5"/>
						<line hits="0" number="6"/>
						<line hits="0" number="9"/>
						<line hits="0" number="10"/>
						<line hits="0" number="12"/>
						<line hits="0" number="14"/>
						<line hits="0" number="19"/>
						<line hits="0" number="20"/>
						<line branch="true" condition-coverage="0% (0/2)" hits="0" number="23"/>
						<line hits="0" number="24"/>
						<line branch="true" condition-coverage="0% (0/2)" hits="0" number="27"/>
						<line hits="0" number="28"/>
						<line hits="0" number="29"/>
						<line hits="0" number="31"/>
						<line hits="0" number="37"/>
						<line hits="0" number="38"/>
						<line hits="0" number="41"/>
						<line branch="true" condition-coverage="0% (0/2)" hits="0" number="42"/>
						<line hits="0" number="44"/>
						<line branch="true" condition-coverage="100% (2/2)" hits="0" number="46"/>
						<line hits="0" number="47"/>
						<line branch="true" condition-coverage="0% (0/2)" hits="0" number="51"/>
						<line hits="0" number="52"/>
						<line hits="0" number="54"/>
						<line hits="0" number="56"/>
						<line hits="0" number="58"/>
						<line branch="true" condition-coverage="0% (0/2)" hits="0" number="59"/>
						<line hits="0" number="60"/>
						<line branch="true" condition-coverage="0% (0/2)" hits="0" number="61"/>
						<line hits="0" number="62"/>
						<line hits="0" number="63"/>
						<line hits="0" number="65"/>
						<line hits="0" number="66"/>
						<line branch="true" condition-coverage="0% (0/2)" hits="0" number="67"/>
						<line hits="0" number="68"/>
						<line branch="true" condition-coverage="0% (0/2)" hits="0" number="69"/>
						<line hits="0" number="70"/>
						<line hits="0" number="72"/>
						<line hits="0" number="74"/>
						<line hits="0" number="88"/>
						<line hits="0" number="91"/>
						<line hits="0" number="93"/>
						<line hits="0" number="95"/>
						<line hits="0" number="101"/>
						<line hits="0" number="103"/>
						<line branch="true" condition-coverage="0% (0/2)" hits="0" number="104"/>
						<line hits="0" number="105"/>
						<line hits="0" number="106"/>
						<line hits="0" number="109"/>
						<line hits="0" number="112"/>
						<line branch="true" condition-coverage="0% (0/2)" hits="0" number="116"/>
						<line hits="0" number="117"/>
						<line hits="0" number="118"/>
						<line hits="0" number="119"/>
						<line hits="0" number="120"/>
					</lines>
				</class>
				<class branch-rate="0" complexity="0" filename="search/models.py" line-rate="1" name="search/models">
					<methods/>
					<lines>
						<line hits="1" number="1"/>
						<line hits="1" number="5"/>
						<line hits="1" number="6"/>
						<line hits="1" number="7"/>
						<line hits="1" number="9"/>
						<line hits="1" number="10"/>
						<line hits="1" number="12"/>
						<line hits="1" number="13"/>
						<line hits="1" number="16"/>
						<line hits="1" number="17"/>
						<line hits="1" number="18"/>
						<line hits="1" number="21"/>
						<line hits="1" number="22"/>
						<line hits="1" number="24"/>
						<line hits="1" number="25"/>
						<line hits="1" number="29"/>
						<line hits="1" number="30"/>
						<line hits="1" number="31"/>
						<line hits="1" number="33"/>
						<line hits="1" number="34"/>
						<line hits="1" number="36"/>
						<line hits="1" number="37"/>
						<line hits="1" number="40"/>
						<line hits="1" number="41"/>
						<line hits="1" number="42"/>
						<line hits="1" number="43"/>
						<line hits="1" number="45"/>
						<line hits="1" number="47"/>
						<line hits="1" number="50"/>
						<line hits="1" number="51"/>
						<line hits="1" number="52"/>
						<line hits="1" number="53"/>
						<line hits="1" number="54"/>
						<line hits="1" number="56"/>
						<line hits="1" number="59"/>
						<line hits="1" number="60"/>
						<line hits="1" number="62"/>
						<line hits="1" number="63"/>
					</lines>
				</class>
				<class branch-rate="0.8" complexity="0" filename="search/tests.py" line-rate="0.9083" name="search/tests">
					<methods/>
					<lines>
						<line hits="1" number="8"/>
						<line hits="1" number="9"/>
						<line hits="1" number="10"/>
						<line hits="1" number="11"/>
						<line hits="1" number="12"/>
						<line hits="1" number="13"/>
						<line hits="1" number="14"/>
						<line hits="1" number="15"/>
						<line hits="1" number="16"/>
						<line hits="1" number="20"/>
						<line hits="1" number="21"/>
						<line hits="1" number="25"/>
						<line hits="1" number="28"/>
						<line hits="1" number="30"/>
						<line hits="1" number="32"/>
						<line hits="1" number="33"/>
						<line hits="1" number="34"/>
						<line hits="1" number="35"/>
						<line hits="1" number="37"/>
						<line hits="1" number="38"/>
						<line hits="1" number="40"/>
						<line hits="1" number="42"/>
						<line hits="1" number="46"/>
						<line hits="1" number="50"/>
						<line hits="1" number="51"/>
						<line hits="1" number="53"/>
						<line hits="1" number="59"/>
						<line hits="1" number="64"/>
						<line hits="1" number="67"/>
						<line hits="1" number="69"/>
						<line branch="true" condition-coverage="50% (1/2)" hits="1" number="73"/>
						<line hits="0" number="74"/>
						<line hits="1" number="76"/>
						<line hits="1" number="79"/>
						<line hits="1" number="85"/>
						<line hits="0" number="86"/>
						<line hits="1" number="88"/>
						<line hits="1" number="92"/>
						<line hits="1" number="93"/>
						<line hits="1" number="94"/>
						<line hits="1" number="95"/>
						<line hits="1" number="98"/>
						<line hits="1" number="103"/>
						<line hits="0" number="104"/>
						<line hits="0" number="105"/>
						<line hits="0" number="106"/>
						<line hits="1" number="109"/>
						<line hits="1" number="112"/>
						<line hits="1" number="113"/>
						<line hits="1" number="114"/>
						<line hits="1" number="115"/>
						<line hits="1" number="116"/>
						<line hits="1" number="118"/>
						<line hits="1" number="122"/>
						<line hits="0" number="123"/>
						<line hits="0" number="124"/>
						<line hits="0" number="125"/>
						<line hits="0" number="126"/>
						<line hits="1" number="131"/>
						<line hits="1" number="133"/>
						<line branch="true" condition-coverage="100% (2/2)" hits="1" number="134"/>
						<line hits="1" number="135"/>
						<line branch="true" condition-coverage="100% (2/2)" hits="1" number="137"/>
						<line hits="1" number="138"/>
						<line hits="1" number="139"/>
						<line branch="true" condition-coverage="100% (2/2)" hits="1" number="141"/>
						<line hits="1" number="142"/>
						<line hits="1" number="143"/>
						<line hits="1" number="145"/>
						<line hits="1" number="149"/>
						<line hits="1" number="151"/>
						<line hits="1" number="152"/>
						<line hits="1" number="153"/>
						<line hits="1" number="154"/>
						<line hits="1" number="155"/>
						<line hits="1" number="157"/>
						<line hits="1" number="158"/>
						<line hits="1" number="159"/>
						<line hits="1" number="160"/>
						<line hits="1" number="161"/>
						<line hits="1" number="163"/>
						<line hits="1" number="166"/>
						<line hits="1" number="171"/>
						<line hits="1" number="175"/>
						<line hits="1" number="176"/>
						<line hits="1" number="177"/>
						<line hits="1" number="180"/>
						<line hits="1" number="181"/>
						<line hits="1" number="183"/>
						<line hits="1" number="184"/>
						<line hits="1" number="186"/>
						<line hits="1" number="187"/>
						<line hits="1" number="189"/>
						<line hits="1" number="190"/>
						<line hits="1" number="197"/>
						<line hits="1" number="198"/>
						<line hits="1" number="199"/>
						<line hits="1" number="203"/>
						<line hits="1" number="204"/>
						<line hits="1" number="206"/>
						<line hits="1" number="208"/>
						<line hits="1" number="210"/>
						<line hits="1" number="211"/>
						<line hits="1" number="212"/>
						<line hits="1" number="214"/>
						<line hits="1" number="215"/>
						<line hits="1" number="217"/>
						<line branch="true" condition-coverage="50% (1/2)" hits="1" number="218"/>
						<line hits="0" number="219"/>
					</lines>
				</class>
				<class branch-rate="0.35" complexity="0" filename="search/views.py" line-rate="0.8511" name="search/views">
					<methods/>
					<lines>
						<line hits="1" number="2"/>
						<line hits="1" number="3"/>
						<line hits="1" number="4"/>
						<line hits="1" number="5"/>
						<line hits="1" number="6"/>
						<line hits="1" number="7"/>
						<line hits="1" number="8"/>
						<line hits="1" number="9"/>
						<line hits="1" number="10"/>
						<line hits="1" number="11"/>
						<line hits="1" number="12"/>
						<line hits="1" number="13"/>
						<line hits="1" number="21"/>
						<line hits="1" number="22"/>
						<line hits="1" number="26"/>
						<line branch="true" condition-coverage="0% (0/2)" hits="0" number="27"/>
						<line hits="0" number="28"/>
						<line hits="0" number="29"/>
						<line hits="0" number="30"/>
						<line hits="1" number="33"/>
						<line hits="1" number="34"/>
						<line hits="1" number="36"/>
						<line hits="1" number="42"/>
						<line hits="1" number="43"/>
						<line hits="1" number="45"/>
						<line hits="1" number="49"/>
						<line hits="1" number="51"/>
						<line hits="1" number="52"/>
						<line hits="1" number="53"/>
						<line hits="1" number="55"/>
						<line hits="1" number="59"/>
						<line hits="1" number="68"/>
						<line hits="1" number="69"/>
						<line hits="1" number="70"/>
						<line hits="1" number="71"/>
						<line hits="1" number="72"/>
						<line hits="1" number="75"/>
						<line hits="1" number="76"/>
						<line hits="1" number="78"/>
						<line branch="true" condition-coverage="50% (1/2)" hits="1" number="79"/>
						<line hits="1" number="80"/>
						<line branch="true" condition-coverage="50% (1/2)" hits="1" number="82"/>
						<line hits="1" number="83"/>
						<line hits="1" number="84"/>
						<line hits="1" number="85"/>
						<line hits="1" number="86"/>
						<line hits="1" number="88"/>
						<line hits="1" number="89"/>
						<line hits="1" number="91"/>
						<line branch="true" condition-coverage="50% (1/2)" hits="1" number="93"/>
						<line hits="1" number="94"/>
						<line hits="1" number="98"/>
						<line hits="1" number="101"/>
						<line hits="1" number="104"/>
						<line hits="1" number="105"/>
						<line hits="1" number="107"/>
						<line hits="0" number="110"/>
						<line hits="0" number="115"/>
						<line hits="1" number="126"/>
						<line hits="1" number="127"/>
						<line hits="1" number="128"/>
						<line hits="1" number="133"/>
						<line hits="1" number="134"/>
						<line hits="1" number="135"/>
						<line hits="1" number="138"/>
						<line branch="true" condition-coverage="50% (1/2)" hits="1" number="140"/>
						<line hits="1" number="141"/>
						<line branch="true" condition-coverage="50% (1/2)" hits="1" number="143"/>
						<line hits="1" number="144"/>
						<line hits="1" number="145"/>
						<line hits="1" number="148"/>
						<line hits="1" number="155"/>
						<line hits="1" number="156"/>
						<line hits="1" number="158"/>
						<line hits="1" number="159"/>
						<line branch="true" condition-coverage="50% (1/2)" hits="1" number="161"/>
						<line hits="1" number="162"/>
						<line hits="0" number="164"/>
						<line branch="true" condition-coverage="0% (0/2)" hits="0" number="165"/>
						<line branch="true" condition-coverage="0% (0/2)" hits="0" number="166"/>
						<line hits="0" number="167"/>
						<line hits="0" number="168"/>
						<line hits="1" number="170"/>
						<line hits="1" number="172"/>
						<line hits="1" number="173"/>
						<line hits="1" number="175"/>
						<line branch="true" condition-coverage="50% (1/2)" hits="1" number="177"/>
						<line hits="0" number="178"/>
						<line hits="1" number="180"/>
						<line hits="1" number="182"/>
						<line hits="1" number="183"/>
						<line hits="1" number="185"/>
						<line hits="0" number="187"/>
						<line hits="0" number="189"/>
					</lines>
				</class>
			</classes>
		</package>
		<package branch-rate="0.2168" complexity="0" line-rate="0.4073" name=".usr.local.lib.python2">
			<classes>
				<class branch-rate="0" complexity="0" filename="/usr/local/lib/python2.7/dist-packages/django/contrib/admin/__init__.py" line-rate="0" name="/usr/local/lib/python2.7/dist-packages/django/contrib/admin/__init__">
					<methods/>
					<lines>
						<line hits="0" number="3"/>
						<line hits="0" number="4"/>
						<line hits="0" number="5"/>
						<line hits="0" number="6"/>
						<line hits="0" number="7"/>
						<line hits="0" number="12"/>
						<line hits="0" number="19"/>
						<line hits="0" number="20"/>
						<line hits="0" number="21"/>
						<line hits="0" number="22"/>
						<line branch="true" condition-coverage="0% (0/2)" hits="0" number="24"/>
						<line hits="0" number="25"/>
						<line hits="0" number="27"/>
						<line hits="0" number="28"/>
						<line hits="0" number="29"/>
						<line hits="0" number="30"/>
						<line hits="0" number="35"/>
						<line branch="true" condition-coverage="0% (0/2)" hits="0" number="40"/>
						<line hits="0" number="41"/>
					</lines>
				</class>
				<class branch-rate="0" complexity="0" filename="/usr/local/lib/python2.7/dist-packages/django/contrib/admin/actions.py" line-rate="0" name="/usr/local/lib/python2.7/dist-packages/django/contrib/admin/actions">
					<methods/>
					<lines>
						<line hits="0" number="5"/>
						<line hits="0" number="6"/>
						<line hits="0" number="7"/>
						<line hits="0" number="8"/>
						<line hits="0" number="9"/>
						<line hits="0" number="10"/>
						<line hits="0" number="11"/>
						<line hits="0" number="13"/>
						<line hits="0" number="23"/>
						<line hits="0" number="24"/>
						<line branch="true" condition-coverage="0% (0/2)" hits="0" number="27"/>
						<line hits="0" number="28"/>
						<line hits="0" number="30"/>
						<line hits="0" number="34"/>
						<line branch="true" condition-coverage="0% (0/2)" hits="0" number="39"/>
						<line branch="true" condition-coverage="0% (0/2)" hits="0" number="40"/>
						<line hits="0" number="41"/>
						<line hits="0" number="42"/>
						<line branch="true" condition-coverage="0% (0/2)" hits="0" number="43"/>
						<line branch="true" condition-coverage="0% (0/2)" hits="0" number="44"/>
						<line hits="0" number="45"/>
						<line hits="0" number="46"/>
						<line hits="0" number="47"/>
						<line hits="0" number="48"/>
						<line hits="0" number="52"/>
						<line branch="true" condition-coverage="0% (0/2)" hits="0" number="54"/>
						<line hits="0" number="55"/>
						<line hits="0" number="57"/>
						<line branch="true" condition-coverage="0% (0/2)" hits="0" number="59"/>
						<line hits="0" number="60"/>
						<line hits="0" number="62"/>
						<line hits="0" number="64"/>
						<line hits="0" number="77"/>
						<line hits="0" number="83"/>
					</lines>
				</class>
				<class branch-rate="0" complexity="0" filename="/usr/local/lib/python2.7/dist-packages/django/contrib/admin/filters.py" line-rate="0" name="/usr/local/lib/python2.7/dist-packages/django/contrib/admin/filters">
					<methods/>
					<lines>
						<line hits="0" number="8"/>
						<line hits="0" number="10"/>
						<line hits="0" number="11"/>
						<line hits="0" number="12"/>
						<line hits="0" number="13"/>
						<line hits="0" number="14"/>
						<line hits="0" number="15"/>
						<line hits="0" number="17"/>
						<line hits="0" number="19"/>
						<line hits="0" number="20"/>
						<line hits="0" number="21"/>
						<line hits="0" number="23"/>
						<line hits="0" number="26"/>
						<line branch="true" condition-coverage="0% (0/2)" hits="0" number="27"/>
						<line hits="0" number="28"/>
						<line hits="0" number="32"/>
						<line hits="0" number="36"/>
						<line hits="0" number="38"/>
						<line hits="0" number="42"/>
						<line hits="0" number="44"/>
						<line hits="0" number="48"/>
						<line hits="0" number="50"/>
						<line hits="0" number="55"/>
						<line hits="0" number="58"/>
						<line hits="0" number="60"/>
						<line hits="0" number="62"/>
						<line hits="0" number="63"/>
						<line branch="true" condition-coverage="0% (0/2)" hits="0" number="65"/>
						<line hits="0" number="66"/>
						<line hits="0" number="69"/>
						<line branch="true" condition-coverage="0% (0/2)" hits="0" number="70"/>
						<line hits="0" number="71"/>
						<line hits="0" number="72"/>
						<line branch="true" condition-coverage="0% (0/2)" hits="0" number="73"/>
						<line hits="0" number="74"/>
						<line hits="0" number="75"/>
						<line hits="0" number="77"/>
						<line hits="0" number="78"/>
						<line hits="0" number="80"/>
						<line hits="0" number="86"/>
						<line hits="0" number="88"/>
						<line hits="0" number="92"/>
						<line hits="0" number="94"/>
						<line hits="0" number="95"/>
						<line hits="0" number="97"/>
						<line hits="0" number="98"/>
						<line branch="true" condition-coverage="0% (0/2)" hits="0" number="103"/>
						<line hits="0" number="104"/>
						<line hits="0" number="113"/>
						<line hits="0" number="114"/>
						<line hits="0" number="115"/>
						<line hits="0" number="117"/>
						<line hits="0" number="118"/>
						<line hits="0" number="119"/>
						<line hits="0" number="120"/>
						<line hits="0" number="121"/>
						<line branch="true" condition-coverage="0% (0/2)" hits="0" number="123"/>
						<line branch="true" condition-coverage="0% (0/2)" hits="0" number="124"/>
						<line hits="0" number="125"/>
						<line hits="0" number="126"/>
						<line hits="0" number="128"/>
						<line hits="0" number="129"/>
						<line hits="0" number="131"/>
						<line hits="0" number="132"/>
						<line hits="0" number="133"/>
						<line hits="0" number="134"/>
						<line hits="0" number="135"/>
						<line hits="0" number="137"/>
						<line hits="0" number="138"/>
						<line branch="true" condition-coverage="0% (0/2)" hits="0" number="139"/>
						<line hits="0" number="143"/>
						<line hits="0" number="145"/>
						<line hits="0" number="147"/>
						<line hits="0" number="149"/>
						<line branch="true" condition-coverage="0% (0/2)" hits="0" number="151"/>
						<line branch="true" condition-coverage="0% (0/2)" hits="0" number="152"/>
						<line hits="0" number="153"/>
						<line hits="0" number="154"/>
						<line hits="0" number="158"/>
						<line hits="0" number="159"/>
						<line hits="0" number="160"/>
						<line branch="true" condition-coverage="0% (0/2)" hits="0" number="161"/>
						<line hits="0" number="162"/>
						<line hits="0" number="164"/>
						<line hits="0" number="165"/>
						<line hits="0" number="166"/>
						<line hits="0" number="167"/>
						<line hits="0" number="168"/>
						<line hits="0" number="170"/>
						<line hits="0" number="171"/>
						<line branch="true" condition-coverage="0% (0/2)" hits="0" number="173"/>
						<line hits="0" number="174"/>
						<line hits="0" number="176"/>
						<line hits="0" number="177"/>
						<line hits="0" number="179"/>
						<line branch="true" condition-coverage="0% (0/4)" hits="0" number="180"/>
						<line hits="0" number="183"/>
						<line hits="0" number="185"/>
						<line hits="0" number="186"/>
						<line hits="0" number="188"/>
						<line hits="0" number="189"/>
						<line hits="0" number="191"/>
						<line hits="0" number="192"/>
						<line hits="0" number="193"/>
						<line branch="true" condition-coverage="0% (0/2)" hits="0" number="199"/>
						<line hits="0" number="200"/>
						<line branch="true" condition-coverage="0% (0/4)" hits="0" number="207"/>
						<line hits="0" number="210"/>
						<line branch="true" condition-coverage="0% (0/2)" hits="0" number="218"/>
						<line hits="0" number="223"/>
						<line hits="0" number="224"/>
						<line hits="0" number="225"/>
						<line hits="0" number="226"/>
						<line hits="0" number="227"/>
						<line hits="0" number="228"/>
						<line hits="0" number="229"/>
						<line hits="0" number="232"/>
						<line hits="0" number="233"/>
						<line hits="0" number="235"/>
						<line branch="true" condition-coverage="0% (0/2)" hits="0" number="236"/>
						<line hits="0" number="240"/>
						<line branch="true" condition-coverage="0% (0/2)" hits="0" number="247"/>
						<line hits="0" number="248"/>
						<line branch="true" condition-coverage="0% (0/2)" hits="0" number="256"/>
						<line hits="0" number="260"/>
						<line hits="0" number="261"/>
						<line hits="0" number="262"/>
						<line hits="0" number="263"/>
						<line hits="0" number="264"/>
						<line hits="0" number="267"/>
						<line hits="0" number="268"/>
						<line hits="0" number="270"/>
						<line hits="0" number="271"/>
						<line branch="true" condition-coverage="0% (0/2)" hits="0" number="276"/>
						<line hits="0" number="277"/>
						<line branch="true" condition-coverage="0% (0/2)" hits="0" number="284"/>
						<line hits="0" number="287"/>
						<line hits="0" number="288"/>
						<line hits="0" number="289"/>
						<line hits="0" number="290"/>
						<line hits="0" number="293"/>
						<line branch="true" condition-coverage="0% (0/2)" hits="0" number="296"/>
						<line hits="0" number="297"/>
						<line hits="0" number="298"/>
						<line branch="true" condition-coverage="0% (0/2)" hits="0" number="299"/>
						<line hits="0" number="301"/>
						<line branch="true" condition-coverage="0% (0/2)" hits="0" number="303"/>
						<line hits="0" number="304"/>
						<line hits="0" number="306"/>
						<line hits="0" number="307"/>
						<line hits="0" number="309"/>
						<line hits="0" number="310"/>
						<line hits="0" number="311"/>
						<line hits="0" number="330"/>
						<line hits="0" number="333"/>
						<line hits="0" number="334"/>
						<line hits="0" number="336"/>
						<line branch="true" condition-coverage="0% (0/2)" hits="0" number="337"/>
						<line hits="0" number="338"/>
						<line branch="true" condition-coverage="0% (0/2)" hits="0" number="345"/>
						<line hits="0" number="352"/>
						<line hits="0" number="353"/>
						<line hits="0" number="354"/>
						<line hits="0" number="355"/>
						<line hits="0" number="356"/>
						<line hits="0" number="357"/>
						<line hits="0" number="359"/>
						<line hits="0" number="360"/>
						<line hits="0" number="364"/>
						<line hits="0" number="365"/>
						<line hits="0" number="367"/>
						<line hits="0" number="371"/>
						<line hits="0" number="374"/>
						<line hits="0" number="375"/>
						<line hits="0" number="377"/>
						<line hits="0" number="378"/>
						<line hits="0" number="379"/>
						<line hits="0" number="386"/>
						<line branch="true" condition-coverage="0% (0/2)" hits="0" number="387"/>
						<line branch="true" condition-coverage="0% (0/2)" hits="0" number="388"/>
						<line hits="0" number="389"/>
						<line hits="0" number="390"/>
						<line hits="0" number="391"/>
						<line hits="0" number="392"/>
						<line branch="true" condition-coverage="0% (0/2)" hits="0" number="399"/>
						<line hits="0" number="400"/>
						<line branch="true" condition-coverage="0% (0/2)" hits="0" number="408"/>
					</lines>
				</class>
				<class branch-rate="0" complexity="0" filename="/usr/local/lib/python2.7/dist-packages/django/contrib/admin/forms.py" line-rate="0" name="/usr/local/lib/python2.7/dist-packages/django/contrib/admin/forms">
					<methods/>
					<lines>
						<line hits="0" number="1"/>
						<line hits="0" number="3"/>
						<line hits="0" number="4"/>
						<line hits="0" number="5"/>
						<line hits="0" number="7"/>
						<line hits="0" number="9"/>
						<line hits="0" number="12"/>
						<line hits="0" number="17"/>
						<line hits="0" number="20"/>
						<line hits="0" number="21"/>
						<line hits="0" number="22"/>
						<line hits="0" number="23"/>
						<line branch="true" condition-coverage="0% (0/2)" hits="0" number="25"/>
						<line hits="0" number="26"/>
						<line branch="true" condition-coverage="0% (0/2)" hits="0" number="27"/>
						<line branch="true" condition-coverage="0% (0/2)" hits="0" number="28"/>
						<line hits="0" number="30"/>
						<line hits="0" number="31"/>
						<line hits="0" number="32"/>
						<line hits="0" number="34"/>
						<line branch="true" condition-coverage="0% (0/2)" hits="0" number="36"/>
						<line hits="0" number="37"/>
						<line hits="0" number="39"/>
						<line branch="true" condition-coverage="0% (0/2)" hits="0" number="40"/>
						<line hits="0" number="41"/>
						<line hits="0" number="42"/>
						<line hits="0" number="43"/>
					</lines>
				</class>
				<class branch-rate="0" complexity="0" filename="/usr/local/lib/python2.7/dist-packages/django/contrib/admin/helpers.py" line-rate="0" name="/usr/local/lib/python2.7/dist-packages/django/contrib/admin/helpers">
					<methods/>
					<lines>
						<line hits="0" number="1"/>
						<line hits="0" number="2"/>
						<line hits="0" number="4"/>
						<line hits="0" number="5"/>
						<line hits="0" number="6"/>
						<line hits="0" number="7"/>
						<line hits="0" number="8"/>
						<line hits="0" number="9"/>
						<line hits="0" number="10"/>
						<line hits="0" number="11"/>
						<line hits="0" number="12"/>
						<line hits="0" number="13"/>
						<line hits="0" number="14"/>
						<line hits="0" number="17"/>
						<line hits="0" number="19"/>
						<line hits="0" number="20"/>
						<line hits="0" number="21"/>
						<line branch="true" condition-coverage="0% (0/2)" hits="0" number="24"/>
						<line hits="0" number="26"/>
						<line hits="0" number="27"/>
						<line hits="0" number="28"/>
						<line hits="0" number="29"/>
						<line hits="0" number="33"/>
						<line branch="true" condition-coverage="0% (0/2)" hits="0" number="34"/>
						<line hits="0" number="35"/>
						<line hits="0" number="36"/>
						<line hits="0" number="38"/>
						<line branch="true" condition-coverage="0% (0/2)" hits="0" number="39"/>
						<line hits="0" number="40"/>
						<line hits="0" number="46"/>
						<line hits="0" number="47"/>
						<line hits="0" number="48"/>
						<line hits="0" number="49"/>
						<line branch="true" condition-coverage="0% (0/2)" hits="0" number="50"/>
						<line hits="0" number="51"/>
						<line hits="0" number="52"/>
						<line hits="0" number="53"/>
						<line hits="0" number="54"/>
						<line hits="0" number="55"/>
						<line hits="0" number="56"/>
						<line hits="0" number="57"/>
						<line hits="0" number="58"/>
						<line hits="0" number="60"/>
						<line hits="0" number="61"/>
						<line branch="true" condition-coverage="0% (0/2)" hits="0" number="62"/>
						<line hits="0" number="63"/>
						<line hits="0" number="64"/>
						<line hits="0" number="65"/>
						<line hits="0" number="67"/>
						<line hits="0" number="68"/>
						<line hits="0" number="70"/>
						<line hits="0" number="71"/>
						<line hits="0" number="72"/>
						<line hits="0" number="73"/>
						<line hits="0" number="74"/>
						<line hits="0" number="75"/>
						<line hits="0" number="77"/>
						<line branch="true" condition-coverage="0% (0/2)" hits="0" number="78"/>
						<line hits="0" number="79"/>
						<line hits="0" number="80"/>
						<line hits="0" number="83"/>
						<line hits="0" number="84"/>
						<line hits="0" number="85"/>
						<line hits="0" number="87"/>
						<line branch="true" condition-coverage="0% (0/2)" hits="0" number="88"/>
						<line hits="0" number="89"/>
						<line hits="0" number="91"/>
						<line hits="0" number="92"/>
						<line hits="0" number="93"/>
						<line branch="true" condition-coverage="0% (0/2)" hits="0" number="94"/>
						<line hits="0" number="95"/>
						<line hits="0" number="97"/>
						<line hits="0" number="98"/>
						<line branch="true" condition-coverage="0% (0/2)" hits="0" number="99"/>
						<line hits="0" number="100"/>
						<line hits="0" number="101"/>
						<line hits="0" number="103"/>
						<line branch="true" condition-coverage="0% (0/2)" hits="0" number="104"/>
						<line branch="true" condition-coverage="0% (0/2)" hits="0" number="105"/>
						<line hits="0" number="106"/>
						<line hits="0" number="109"/>
						<line hits="0" number="111"/>
						<line hits="0" number="112"/>
						<line hits="0" number="114"/>
						<line hits="0" number="115"/>
						<line hits="0" number="116"/>
						<line hits="0" number="117"/>
						<line hits="0" number="118"/>
						<line hits="0" number="120"/>
						<line hits="0" number="121"/>
						<line hits="0" number="122"/>
						<line branch="true" condition-coverage="0% (0/2)" hits="0" number="123"/>
						<line hits="0" number="124"/>
						<line hits="0" number="126"/>
						<line branch="true" condition-coverage="0% (0/2)" hits="0" number="127"/>
						<line hits="0" number="128"/>
						<line branch="true" condition-coverage="0% (0/2)" hits="0" number="129"/>
						<line hits="0" number="130"/>
						<line hits="0" number="131"/>
						<line hits="0" number="132"/>
						<line hits="0" number="134"/>
						<line hits="0" number="135"/>
						<line hits="0" number="137"/>
						<line hits="0" number="138"/>
						<line hits="0" number="139"/>
						<line branch="true" condition-coverage="0% (0/2)" hits="0" number="143"/>
						<line hits="0" number="144"/>
						<line hits="0" number="146"/>
						<line hits="0" number="147"/>
						<line hits="0" number="153"/>
						<line hits="0" number="154"/>
						<line hits="0" number="155"/>
						<line hits="0" number="156"/>
						<line hits="0" number="157"/>
						<line hits="0" number="159"/>
						<line hits="0" number="160"/>
						<line branch="true" condition-coverage="0% (0/2)" hits="0" number="161"/>
						<line hits="0" number="162"/>
						<line hits="0" number="163"/>
						<line hits="0" number="164"/>
						<line hits="0" number="165"/>
						<line hits="0" number="170"/>
						<line hits="0" number="171"/>
						<line hits="0" number="172"/>
						<line hits="0" number="173"/>
						<line hits="0" number="174"/>
						<line hits="0" number="175"/>
						<line hits="0" number="176"/>
						<line hits="0" number="177"/>
						<line branch="true" condition-coverage="0% (0/2)" hits="0" number="179"/>
						<line hits="0" number="180"/>
						<line branch="true" condition-coverage="0% (0/2)" hits="0" number="181"/>
						<line hits="0" number="182"/>
						<line hits="0" number="184"/>
						<line branch="true" condition-coverage="0% (0/2)" hits="0" number="185"/>
						<line hits="0" number="186"/>
						<line branch="true" condition-coverage="0% (0/2)" hits="0" number="188"/>
						<line hits="0" number="189"/>
						<line branch="true" condition-coverage="0% (0/2)" hits="0" number="190"/>
						<line hits="0" number="191"/>
						<line hits="0" number="193"/>
						<line hits="0" number="194"/>
						<line hits="0" number="196"/>
						<line hits="0" number="200"/>
						<line hits="0" number="202"/>
						<line hits="0" number="203"/>
						<line hits="0" number="204"/>
						<line hits="0" number="205"/>
						<line branch="true" condition-coverage="0% (0/2)" hits="0" number="206"/>
						<line hits="0" number="207"/>
						<line hits="0" number="208"/>
						<line branch="true" condition-coverage="0% (0/2)" hits="0" number="209"/>
						<line hits="0" number="210"/>
						<line hits="0" number="211"/>
						<line hits="0" number="213"/>
						<line branch="true" condition-coverage="0% (0/2)" hits="0" number="214"/>
						<line hits="0" number="215"/>
						<line branch="true" condition-coverage="0% (0/2)" hits="0" number="218"/>
						<line hits="0" number="219"/>
						<line hits="0" number="222"/>
						<line hits="0" number="226"/>
						<line hits="0" number="227"/>
						<line branch="true" condition-coverage="0% (0/2)" hits="0" number="228"/>
						<line branch="true" condition-coverage="0% (0/2)" hits="0" number="229"/>
						<line hits="0" number="230"/>
						<line branch="true" condition-coverage="0% (0/2)" hits="0" number="231"/>
						<line hits="0" number="232"/>
						<line hits="0" number="240"/>
						<line hits="0" number="242"/>
						<line hits="0" number="243"/>
						<line branch="true" condition-coverage="0% (0/2)" hits="0" number="244"/>
						<line hits="0" number="245"/>
						<line hits="0" number="246"/>
						<line hits="0" number="247"/>
						<line hits="0" number="249"/>
						<line hits="0" number="253"/>
						<line hits="0" number="255"/>
						<line hits="0" number="256"/>
						<line hits="0" number="257"/>
						<line branch="true" condition-coverage="0% (0/2)" hits="0" number="258"/>
						<line hits="0" number="259"/>
						<line hits="0" number="260"/>
						<line hits="0" number="261"/>
						<line hits="0" number="264"/>
						<line branch="true" condition-coverage="0% (0/2)" hits="0" number="265"/>
						<line hits="0" number="266"/>
						<line hits="0" number="269"/>
						<line branch="true" condition-coverage="0% (0/2)" hits="0" number="270"/>
						<line hits="0" number="271"/>
						<line branch="true" condition-coverage="0% (0/2)" hits="0" number="273"/>
						<line branch="true" condition-coverage="0% (0/2)" hits="0" number="274"/>
						<line hits="0" number="275"/>
						<line hits="0" number="276"/>
						<line hits="0" number="278"/>
						<line hits="0" number="280"/>
						<line branch="true" condition-coverage="0% (0/2)" hits="0" number="281"/>
						<line hits="0" number="282"/>
						<line hits="0" number="283"/>
						<line branch="true" condition-coverage="0% (0/2)" hits="0" number="284"/>
						<line hits="0" number="285"/>
						<line branch="true" condition-coverage="0% (0/2)" hits="0" number="286"/>
						<line hits="0" number="287"/>
						<line hits="0" number="288"/>
						<line hits="0" number="290"/>
						<line hits="0" number="291"/>
						<line hits="0" number="293"/>
						<line hits="0" number="294"/>
						<line branch="true" condition-coverage="0% (0/2)" hits="0" number="295"/>
						<line hits="0" number="296"/>
						<line hits="0" number="298"/>
						<line hits="0" number="300"/>
						<line hits="0" number="301"/>
						<line hits="0" number="302"/>
						<line hits="0" number="304"/>
						<line hits="0" number="305"/>
						<line hits="0" number="306"/>
						<line hits="0" number="308"/>
						<line hits="0" number="309"/>
						<line hits="0" number="310"/>
						<line hits="0" number="311"/>
						<line hits="0" number="313"/>
						<line hits="0" number="314"/>
						<line branch="true" condition-coverage="0% (0/2)" hits="0" number="315"/>
						<line branch="true" condition-coverage="0% (0/2)" hits="0" number="316"/>
						<line hits="0" number="317"/>
						<line hits="0" number="318"/>
						<line hits="0" number="321"/>
						<line hits="0" number="325"/>
						<line branch="true" condition-coverage="0% (0/2)" hits="0" number="326"/>
						<line hits="0" number="327"/>
						<line branch="true" condition-coverage="0% (0/2)" hits="0" number="328"/>
						<line hits="0" number="329"/>
						<line branch="true" condition-coverage="0% (0/2)" hits="0" number="330"/>
						<line hits="0" number="331"/>
						<line hits="0" number="333"/>
						<line hits="0" number="338"/>
						<line branch="true" condition-coverage="0% (0/2)" hits="0" number="339"/>
						<line hits="0" number="340"/>
						<line hits="0" number="341"/>
						<line hits="0" number="343"/>
						<line branch="true" condition-coverage="0% (0/2)" hits="0" number="348"/>
						<line branch="true" condition-coverage="0% (0/2)" hits="0" number="349"/>
						<line hits="0" number="350"/>
						<line hits="0" number="351"/>
						<line hits="0" number="352"/>
					</lines>
				</class>
				<class branch-rate="0" complexity="0" filename="/usr/local/lib/python2.7/dist-packages/django/contrib/admin/models.py" line-rate="0.66" name="/usr/local/lib/python2.7/dist-packages/django/contrib/admin/models">
					<methods/>
					<lines>
						<line hits="1" number="1"/>
						<line hits="1" number="2"/>
						<line hits="1" number="3"/>
						<line hits="1" number="4"/>
						<line hits="1" number="5"/>
						<line hits="1" number="6"/>
						<line hits="1" number="7"/>
						<line hits="1" number="9"/>
						<line hits="1" number="10"/>
						<line hits="1" number="11"/>
						<line hits="1" number="13"/>
						<line hits="1" number="14"/>
						<line hits="0" number="15"/>
						<line hits="0" number="16"/>
						<line hits="1" number="18"/>
						<line hits="1" number="19"/>
						<line hits="1" number="20"/>
						<line hits="1" number="21"/>
						<line hits="1" number="22"/>
						<line hits="1" number="23"/>
						<line hits="1" number="24"/>
						<line hits="1" number="25"/>
						<line hits="1" number="27"/>
						<line hits="1" number="29"/>
						<line hits="1" number="30"/>
						<line hits="1" number="31"/>
						<line hits="1" number="32"/>
						<line hits="1" number="33"/>
						<line hits="1" number="35"/>
						<line hits="0" number="36"/>
						<line hits="1" number="38"/>
						<line branch="true" condition-coverage="0% (0/2)" hits="0" number="39"/>
						<line hits="0" number="40"/>
						<line branch="true" condition-coverage="0% (0/2)" hits="0" number="41"/>
						<line hits="0" number="42"/>
						<line branch="true" condition-coverage="0% (0/2)" hits="0" number="43"/>
						<line hits="0" number="44"/>
						<line hits="0" number="46"/>
						<line hits="1" number="48"/>
						<line hits="0" number="49"/>
						<line hits="1" number="51"/>
						<line hits="0" number="52"/>
						<line hits="1" number="54"/>
						<line hits="0" number="55"/>
						<line hits="1" number="57"/>
						<line hits="0" number="59"/>
						<line hits="1" number="61"/>
						<line branch="true" condition-coverage="0% (0/2)" hits="0" number="66"/>
						<line hits="0" number="67"/>
						<line hits="0" number="68"/>
					</lines>
				</class>
				<class branch-rate="0" complexity="0" filename="/usr/local/lib/python2.7/dist-packages/django/contrib/admin/options.py" line-rate="0" name="/usr/local/lib/python2.7/dist-packages/django/contrib/admin/options">
					<methods/>
					<lines>
						<line hits="0" number="1"/>
						<line hits="0" number="2"/>
						<line hits="0" number="3"/>
						<line hits="0" number="4"/>
						<line hits="0" number="5"/>
						<line hits="0" number="7"/>
						<line hits="0" number="8"/>
						<line hits="0" number="9"/>
						<line hits="0" number="10"/>
						<line hits="0" number="11"/>
						<line hits="0" number="12"/>
						<line hits="0" number="13"/>
						<line hits="0" number="14"/>
						<line hits="0" number="15"/>
						<line hits="0" number="16"/>
						<line hits="0" number="17"/>
						<line hits="0" number="18"/>
						<line hits="0" number="19"/>
						<line hits="0" number="20"/>
						<line hits="0" number="21"/>
						<line hits="0" number="22"/>
						<line hits="0" number="23"/>
						<line hits="0" number="24"/>
						<line hits="0" number="25"/>
						<line hits="0" number="26"/>
						<line hits="0" number="27"/>
						<line hits="0" number="28"/>
						<line hits="0" number="29"/>
						<line hits="0" number="30"/>
						<line hits="0" number="32"/>
						<line branch="true" condition-coverage="0% (0/2)" hits="0" number="34"/>
						<line hits="0" number="36"/>
						<line hits="0" number="37"/>
						<line hits="0" number="42"/>
						<line hits="0" number="58"/>
						<line hits="0" number="60"/>
						<line hits="0" number="62"/>
						<line hits="0" number="64"/>
						<line hits="0" number="65"/>
						<line hits="0" number="66"/>
						<line hits="0" number="67"/>
						<line hits="0" number="68"/>
						<line hits="0" number="69"/>
						<line hits="0" number="70"/>
						<line hits="0" number="71"/>
						<line hits="0" number="72"/>
						<line hits="0" number="73"/>
						<line hits="0" number="74"/>
						<line hits="0" number="75"/>
						<line hits="0" number="77"/>
						<line hits="0" number="78"/>
						<line hits="0" number="79"/>
						<line hits="0" number="80"/>
						<line hits="0" number="82"/>
						<line hits="0" number="89"/>
						<line branch="true" condition-coverage="0% (0/2)" hits="0" number="93"/>
						<line hits="0" number="94"/>
						<line branch="true" condition-coverage="0% (0/2)" hits="0" number="97"/>
						<line branch="true" condition-coverage="0% (0/2)" hits="0" number="102"/>
						<line hits="0" number="103"/>
						<line branch="true" condition-coverage="0% (0/2)" hits="0" number="106"/>
						<line hits="0" number="107"/>
						<line branch="true" condition-coverage="0% (0/2)" hits="0" number="108"/>
						<line hits="0" number="109"/>
						<line branch="true" condition-coverage="0% (0/2)" hits="0" number="115"/>
						<line hits="0" number="116"/>
						<line hits="0" number="118"/>
						<line hits="0" number="120"/>
						<line hits="0" number="124"/>
						<line branch="true" condition-coverage="0% (0/2)" hits="0" number="128"/>
						<line branch="true" condition-coverage="0% (0/2)" hits="0" number="129"/>
						<line hits="0" number="130"/>
						<line hits="0" number="131"/>
						<line hits="0" number="134"/>
						<line hits="0" number="136"/>
						<line branch="true" condition-coverage="0% (0/2)" hits="0" number="141"/>
						<line branch="true" condition-coverage="0% (0/2)" hits="0" number="143"/>
						<line hits="0" number="144"/>
						<line branch="true" condition-coverage="0% (0/2)" hits="0" number="147"/>
						<line hits="0" number="148"/>
						<line hits="0" number="152"/>
						<line hits="0" number="154"/>
						<line hits="0" number="158"/>
						<line branch="true" condition-coverage="0% (0/2)" hits="0" number="159"/>
						<line hits="0" number="160"/>
						<line branch="true" condition-coverage="0% (0/2)" hits="0" number="162"/>
						<line hits="0" number="163"/>
						<line hits="0" number="166"/>
						<line hits="0" number="168"/>
						<line hits="0" number="170"/>
						<line branch="true" condition-coverage="0% (0/2)" hits="0" number="176"/>
						<line hits="0" number="177"/>
						<line hits="0" number="178"/>
						<line branch="true" condition-coverage="0% (0/2)" hits="0" number="180"/>
						<line hits="0" number="181"/>
						<line hits="0" number="183"/>
						<line branch="true" condition-coverage="0% (0/2)" hits="0" number="184"/>
						<line hits="0" number="185"/>
						<line hits="0" number="187"/>
						<line hits="0" number="189"/>
						<line branch="true" condition-coverage="0% (0/2)" hits="0" number="190"/>
						<line hits="0" number="191"/>
						<line branch="true" condition-coverage="0% (0/2)" hits="0" number="192"/>
						<line hits="0" number="193"/>
						<line hits="0" number="194"/>
						<line hits="0" number="195"/>
						<line hits="0" number="197"/>
						<line hits="0" number="201"/>
						<line hits="0" number="203"/>
						<line hits="0" number="207"/>
						<line hits="0" number="209"/>
						<line hits="0" number="213"/>
						<line hits="0" number="215"/>
						<line hits="0" number="220"/>
						<line hits="0" number="222"/>
						<line branch="true" condition-coverage="0% (0/2)" hits="0" number="223"/>
						<line hits="0" number="224"/>
						<line hits="0" number="225"/>
						<line hits="0" number="227"/>
						<line hits="0" number="228"/>
						<line branch="true" condition-coverage="0% (0/2)" hits="0" number="232"/>
						<line branch="true" condition-coverage="0% (0/2)" hits="0" number="233"/>
						<line branch="true" condition-coverage="0% (0/2)" hits="0" number="234"/>
						<line hits="0" number="235"/>
						<line hits="0" number="237"/>
						<line branch="true" condition-coverage="0% (0/2)" hits="0" number="241"/>
						<line hits="0" number="242"/>
						<line hits="0" number="248"/>
						<line branch="true" condition-coverage="0% (0/2)" hits="0" number="249"/>
						<line hits="0" number="250"/>
						<line hits="0" number="251"/>
						<line hits="0" number="252"/>
						<line hits="0" number="255"/>
						<line branch="true" condition-coverage="0% (0/2)" hits="0" number="256"/>
						<line hits="0" number="257"/>
						<line hits="0" number="258"/>
						<line branch="true" condition-coverage="0% (0/2)" hits="0" number="259"/>
						<line hits="0" number="260"/>
						<line hits="0" number="261"/>
						<line hits="0" number="263"/>
						<line branch="true" condition-coverage="0% (0/2)" hits="0" number="264"/>
						<line hits="0" number="265"/>
						<line branch="true" condition-coverage="0% (0/2)" hits="0" number="267"/>
						<line hits="0" number="268"/>
						<line hits="0" number="269"/>
						<line hits="0" number="270"/>
						<line hits="0" number="272"/>
						<line hits="0" number="277"/>
						<line hits="0" number="278"/>
						<line hits="0" number="280"/>
						<line hits="0" number="291"/>
						<line hits="0" number="292"/>
						<line hits="0" number="294"/>
						<line hits="0" number="305"/>
						<line hits="0" number="306"/>
						<line hits="0" number="308"/>
						<line hits="0" number="311"/>
						<line hits="0" number="312"/>
						<line hits="0" number="313"/>
						<line hits="0" number="314"/>
						<line hits="0" number="315"/>
						<line hits="0" number="316"/>
						<line hits="0" number="317"/>
						<line hits="0" number="318"/>
						<line hits="0" number="319"/>
						<line hits="0" number="320"/>
						<line hits="0" number="321"/>
						<line hits="0" number="322"/>
						<line hits="0" number="323"/>
						<line hits="0" number="326"/>
						<line hits="0" number="327"/>
						<line hits="0" number="328"/>
						<line hits="0" number="329"/>
						<line hits="0" number="330"/>
						<line hits="0" number="331"/>
						<line hits="0" number="334"/>
						<line hits="0" number="335"/>
						<line hits="0" number="336"/>
						<line hits="0" number="337"/>
						<line hits="0" number="338"/>
						<line hits="0" number="340"/>
						<line hits="0" number="341"/>
						<line hits="0" number="342"/>
						<line hits="0" number="343"/>
						<line hits="0" number="344"/>
						<line hits="0" number="346"/>
						<line hits="0" number="347"/>
						<line branch="true" condition-coverage="0% (0/2)" hits="0" number="348"/>
						<line hits="0" number="349"/>
						<line branch="true" condition-coverage="0% (0/2)" hits="0" number="350"/>
						<line branch="true" condition-coverage="0% (0/2)" hits="0" number="351"/>
						<line hits="0" number="354"/>
						<line branch="true" condition-coverage="0% (0/2)" hits="0" number="355"/>
						<line hits="0" number="356"/>
						<line hits="0" number="357"/>
						<line hits="0" number="359"/>
						<line hits="0" number="361"/>
						<line hits="0" number="362"/>
						<line hits="0" number="364"/>
						<line hits="0" number="365"/>
						<line hits="0" number="366"/>
						<line hits="0" number="367"/>
						<line hits="0" number="369"/>
						<line hits="0" number="371"/>
						<line hits="0" number="388"/>
						<line hits="0" number="390"/>
						<line hits="0" number="391"/>
						<line hits="0" number="392"/>
						<line hits="0" number="394"/>
						<line hits="0" number="396"/>
						<line hits="0" number="397"/>
						<line branch="true" condition-coverage="0% (0/2)" hits="0" number="403"/>
						<line hits="0" number="404"/>
						<line branch="true" condition-coverage="0% (0/2)" hits="0" number="405"/>
						<line hits="0" number="406"/>
						<line branch="true" condition-coverage="0% (0/2)" hits="0" number="407"/>
						<line hits="0" number="408"/>
						<line hits="0" number="409"/>
						<line hits="0" number="411"/>
						<line hits="0" number="417"/>
						<line hits="0" number="423"/>
						<line branch="true" condition-coverage="0% (0/2)" hits="0" number="425"/>
						<line hits="0" number="426"/>
						<line hits="0" number="427"/>
						<line hits="0" number="428"/>
						<line hits="0" number="429"/>
						<line hits="0" number="431"/>
						<line branch="true" condition-coverage="0% (0/2)" hits="0" number="436"/>
						<line hits="0" number="437"/>
						<line hits="0" number="439"/>
						<line branch="true" condition-coverage="0% (0/2)" hits="0" number="440"/>
						<line hits="0" number="441"/>
						<line hits="0" number="443"/>
						<line hits="0" number="444"/>
						<line branch="true" condition-coverage="0% (0/2)" hits="0" number="445"/>
						<line hits="0" number="448"/>
						<line hits="0" number="451"/>
						<line hits="0" number="452"/>
						<line hits="0" number="458"/>
						<line hits="0" number="459"/>
						<line hits="0" number="461"/>
						<line hits="0" number="465"/>
						<line hits="0" number="466"/>
						<line hits="0" number="468"/>
						<line hits="0" number="474"/>
						<line hits="0" number="475"/>
						<line hits="0" number="476"/>
						<line hits="0" number="477"/>
						<line hits="0" number="478"/>
						<line hits="0" number="479"/>
						<line hits="0" number="480"/>
						<line hits="0" number="482"/>
						<line hits="0" number="486"/>
						<line hits="0" number="489"/>
						<line hits="0" number="490"/>
						<line hits="0" number="492"/>
						<line hits="0" number="497"/>
						<line hits="0" number="500"/>
						<line hits="0" number="501"/>
						<line hits="0" number="505"/>
						<line branch="true" condition-coverage="0% (0/2)" hits="0" number="506"/>
						<line hits="0" number="507"/>
						<line hits="0" number="509"/>
						<line hits="0" number="510"/>
						<line hits="0" number="512"/>
						<line hits="0" number="518"/>
						<line hits="0" number="519"/>
						<line hits="0" number="527"/>
						<line hits="0" number="533"/>
						<line hits="0" number="534"/>
						<line hits="0" number="543"/>
						<line hits="0" number="550"/>
						<line hits="0" number="551"/>
						<line hits="0" number="559"/>
						<line hits="0" number="563"/>
						<line hits="0" number="564"/>
						<line hits="0" number="565"/>
						<line hits="0" number="567"/>
						<line hits="0" number="574"/>
						<line branch="true" condition-coverage="0% (0/2)" hits="0" number="575"/>
						<line hits="0" number="576"/>
						<line hits="0" number="578"/>
						<line branch="true" condition-coverage="0% (0/2)" hits="0" number="581"/>
						<line hits="0" number="582"/>
						<line hits="0" number="583"/>
						<line branch="true" condition-coverage="0% (0/2)" hits="0" number="587"/>
						<line hits="0" number="588"/>
						<line branch="true" condition-coverage="0% (0/2)" hits="0" number="590"/>
						<line hits="0" number="591"/>
						<line hits="0" number="592"/>
						<line hits="0" number="595"/>
						<line hits="0" number="598"/>
						<line hits="0" number="603"/>
						<line hits="0" number="605"/>
						<line hits="0" number="610"/>
						<line branch="true" condition-coverage="0% (0/2)" hits="0" number="611"/>
						<line hits="0" number="612"/>
						<line hits="0" number="613"/>
						<line hits="0" number="614"/>
						<line hits="0" number="616"/>
						<line branch="true" condition-coverage="0% (0/2)" hits="0" number="623"/>
						<line hits="0" number="624"/>
						<line hits="0" number="625"/>
						<line branch="true" condition-coverage="0% (0/2)" hits="0" number="630"/>
						<line hits="0" number="631"/>
						<line hits="0" number="635"/>
						<line hits="0" number="636"/>
						<line hits="0" number="637"/>
						<line hits="0" number="638"/>
						<line branch="true" condition-coverage="0% (0/2)" hits="0" number="640"/>
						<line hits="0" number="641"/>
						<line hits="0" number="643"/>
						<line hits="0" number="644"/>
						<line hits="0" number="646"/>
						<line hits="0" number="651"/>
						<line hits="0" number="653"/>
						<line branch="true" condition-coverage="0% (0/2)" hits="0" number="659"/>
						<line hits="0" number="660"/>
						<line hits="0" number="663"/>
						<line hits="0" number="665"/>
						<line hits="0" number="669"/>
						<line branch="true" condition-coverage="0% (0/2)" hits="0" number="670"/>
						<line hits="0" number="671"/>
						<line branch="true" condition-coverage="0% (0/2)" hits="0" number="673"/>
						<line branch="true" condition-coverage="0% (0/2)" hits="0" number="674"/>
						<line branch="true" condition-coverage="0% (0/2)" hits="0" number="675"/>
						<line hits="0" number="676"/>
						<line branch="true" condition-coverage="0% (0/2)" hits="0" number="679"/>
						<line hits="0" number="680"/>
						<line branch="true" condition-coverage="0% (0/2)" hits="0" number="684"/>
						<line hits="0" number="685"/>
						<line hits="0" number="688"/>
						<line hits="0" number="689"/>
						<line hits="0" number="691"/>
						<line hits="0" number="696"/>
						<line hits="0" number="698"/>
						<line hits="0" number="703"/>
						<line hits="0" number="705"/>
						<line hits="0" number="709"/>
						<line hits="0" number="711"/>
						<line hits="0" number="715"/>
						<line hits="0" number="717"/>
						<line hits="0" number="721"/>
						<line hits="0" number="723"/>
						<line hits="0" number="731"/>
						<line branch="true" condition-coverage="0% (0/2)" hits="0" number="732"/>
						<line hits="0" number="733"/>
						<line hits="0" number="735"/>
						<line hits="0" number="736"/>
						<line hits="0" number="737"/>
						<line hits="0" number="738"/>
						<line hits="0" number="739"/>
						<line branch="true" condition-coverage="0% (0/2)" hits="0" number="754"/>
						<line hits="0" number="755"/>
						<line hits="0" number="757"/>
						<line hits="0" number="759"/>
						<line hits="0" number="765"/>
						<line hits="0" number="769"/>
						<line hits="0" number="770"/>
						<line hits="0" number="772"/>
						<line branch="true" condition-coverage="0% (0/2)" hits="0" number="775"/>
						<line hits="0" number="776"/>
						<line branch="true" condition-coverage="0% (0/2)" hits="0" number="777"/>
						<line hits="0" number="778"/>
						<line hits="0" number="779"/>
						<line branch="true" condition-coverage="0% (0/2)" hits="0" number="781"/>
						<line hits="0" number="782"/>
						<line branch="true" condition-coverage="0% (0/2)" hits="0" number="787"/>
						<line hits="0" number="788"/>
						<line hits="0" number="789"/>
						<line hits="0" number="791"/>
						<line branch="true" condition-coverage="0% (0/2)" hits="0" number="796"/>
						<line hits="0" number="797"/>
						<line hits="0" number="801"/>
						<line hits="0" number="803"/>
						<line hits="0" number="805"/>
						<line hits="0" number="809"/>
						<line hits="0" number="813"/>
						<line hits="0" number="814"/>
						<line branch="true" condition-coverage="0% (0/2)" hits="0" number="815"/>
						<line hits="0" number="816"/>
						<line hits="0" number="817"/>
						<line hits="0" number="818"/>
						<line hits="0" number="820"/>
						<line hits="0" number="822"/>
						<line branch="true" condition-coverage="0% (0/2)" hits="0" number="823"/>
						<line hits="0" number="824"/>
						<line branch="true" condition-coverage="0% (0/2)" hits="0" number="825"/>
						<line hits="0" number="826"/>
						<line hits="0" number="828"/>
						<line branch="true" condition-coverage="0% (0/2)" hits="0" number="829"/>
						<line hits="0" number="830"/>
						<line hits="0" number="831"/>
						<line hits="0" number="832"/>
						<line branch="true" condition-coverage="0% (0/2)" hits="0" number="836"/>
						<line hits="0" number="837"/>
						<line hits="0" number="838"/>
						<line hits="0" number="842"/>
						<line branch="true" condition-coverage="0% (0/2)" hits="0" number="846"/>
						<line hits="0" number="847"/>
						<line hits="0" number="851"/>
						<line hits="0" number="853"/>
						<line hits="0" number="855"/>
						<line hits="0" number="865"/>
						<line hits="0" number="866"/>
						<line hits="0" number="867"/>
						<line hits="0" number="868"/>
						<line hits="0" number="871"/>
						<line hits="0" number="872"/>
						<line hits="0" number="873"/>
						<line hits="0" number="876"/>
						<line hits="0" number="877"/>
						<line hits="0" number="878"/>
						<line hits="0" number="882"/>
						<line hits="0" number="884"/>
						<line hits="0" number="885"/>
						<line branch="true" condition-coverage="0% (0/2)" hits="0" number="888"/>
						<line hits="0" number="889"/>
						<line hits="0" number="890"/>
						<line hits="0" number="891"/>
						<line hits="0" number="896"/>
						<line branch="true" condition-coverage="0% (0/2)" hits="0" number="897"/>
						<line hits="0" number="899"/>
						<line hits="0" number="901"/>
						<line hits="0" number="902"/>
						<line branch="true" condition-coverage="0% (0/2)" hits="0" number="904"/>
						<line hits="0" number="906"/>
						<line hits="0" number="908"/>
						<line branch="true" condition-coverage="0% (0/2)" hits="0" number="913"/>
						<line hits="0" number="914"/>
						<line hits="0" number="916"/>
						<line hits="0" number="918"/>
						<line hits="0" number="919"/>
						<line hits="0" number="920"/>
						<line hits="0" number="922"/>
						<line hits="0" number="923"/>
						<line hits="0" number="924"/>
						<line hits="0" number="926"/>
						<line hits="0" number="927"/>
						<line branch="true" condition-coverage="0% (0/2)" hits="0" number="929"/>
						<line hits="0" number="930"/>
						<line hits="0" number="932"/>
						<line hits="0" number="933"/>
						<line hits="0" number="934"/>
						<line branch="true" condition-coverage="0% (0/2)" hits="0" number="935"/>
						<line hits="0" number="936"/>
						<line branch="true" condition-coverage="0% (0/2)" hits="0" number="937"/>
						<line hits="0" number="938"/>
						<line hits="0" number="939"/>
						<line hits="0" number="941"/>
						<line hits="0" number="942"/>
						<line hits="0" number="943"/>
						<line branch="true" condition-coverage="0% (0/2)" hits="0" number="944"/>
						<line hits="0" number="945"/>
						<line hits="0" number="946"/>
						<line branch="true" condition-coverage="0% (0/2)" hits="0" number="947"/>
						<line hits="0" number="948"/>
						<line hits="0" number="949"/>
						<line hits="0" number="953"/>
						<line branch="true" condition-coverage="0% (0/2)" hits="0" number="954"/>
						<line hits="0" number="955"/>
						<line hits="0" number="956"/>
						<line hits="0" number="957"/>
						<line hits="0" number="958"/>
						<line hits="0" number="962"/>
						<line branch="true" condition-coverage="0% (0/2)" hits="0" number="963"/>
						<line hits="0" number="964"/>
						<line hits="0" number="965"/>
						<line hits="0" number="966"/>
						<line hits="0" number="967"/>
						<line branch="true" condition-coverage="0% (0/2)" hits="0" number="968"/>
						<line hits="0" number="969"/>
						<line hits="0" number="970"/>
						<line hits="0" number="971"/>
						<line branch="true" condition-coverage="0% (0/2)" hits="0" number="972"/>
						<line hits="0" number="973"/>
						<line hits="0" number="974"/>
						<line branch="true" condition-coverage="0% (0/2)" hits="0" number="975"/>
						<line hits="0" number="976"/>
						<line hits="0" number="977"/>
						<line hits="0" number="979"/>
						<line hits="0" number="981"/>
						<line hits="0" number="985"/>
						<line hits="0" number="987"/>
						<line branch="true" condition-coverage="0% (0/2)" hits="0" number="988"/>
						<line hits="0" number="989"/>
						<line hits="0" number="990"/>
						<line hits="0" number="991"/>
						<line hits="0" number="992"/>
						<line hits="0" number="994"/>
						<line hits="0" number="995"/>
						<line hits="0" number="997"/>
						<line hits="0" number="1007"/>
						<line hits="0" number="1008"/>
						<line hits="0" number="1010"/>
						<line hits="0" number="1011"/>
						<line hits="0" number="1012"/>
						<line hits="0" number="1014"/>
						<line hits="0" number="1015"/>
						<line hits="0" number="1017"/>
						<line branch="true" condition-coverage="0% (0/2)" hits="0" number="1019"/>
						<line hits="0" number="1020"/>
						<line branch="true" condition-coverage="0% (0/2)" hits="0" number="1022"/>
						<line hits="0" number="1023"/>
						<line branch="true" condition-coverage="0% (0/2)" hits="0" number="1025"/>
						<line hits="0" number="1026"/>
						<line hits="0" number="1030"/>
						<line hits="0" number="1031"/>
						<line hits="0" number="1032"/>
						<line branch="true" condition-coverage="0% (0/2)" hits="0" number="1033"/>
						<line hits="0" number="1034"/>
						<line branch="true" condition-coverage="0% (0/2)" hits="0" number="1035"/>
						<line hits="0" number="1036"/>
						<line hits="0" number="1037"/>
						<line hits="0" number="1039"/>
						<line hits="0" number="1040"/>
						<line hits="0" number="1041"/>
						<line branch="true" condition-coverage="0% (0/2)" hits="0" number="1042"/>
						<line hits="0" number="1043"/>
						<line hits="0" number="1044"/>
						<line branch="true" condition-coverage="0% (0/2)" hits="0" number="1045"/>
						<line hits="0" number="1046"/>
						<line hits="0" number="1047"/>
						<line hits="0" number="1051"/>
						<line branch="true" condition-coverage="0% (0/2)" hits="0" number="1053"/>
						<line hits="0" number="1054"/>
						<line hits="0" number="1055"/>
						<line hits="0" number="1056"/>
						<line hits="0" number="1057"/>
						<line hits="0" number="1058"/>
						<line hits="0" number="1061"/>
						<line hits="0" number="1062"/>
						<line branch="true" condition-coverage="0% (0/2)" hits="0" number="1063"/>
						<line hits="0" number="1064"/>
						<line hits="0" number="1065"/>
						<line branch="true" condition-coverage="0% (0/2)" hits="0" number="1066"/>
						<line hits="0" number="1067"/>
						<line hits="0" number="1068"/>
						<line hits="0" number="1070"/>
						<line hits="0" number="1072"/>
						<line hits="0" number="1076"/>
						<line hits="0" number="1078"/>
						<line branch="true" condition-coverage="0% (0/2)" hits="0" number="1079"/>
						<line hits="0" number="1080"/>
						<line hits="0" number="1081"/>
						<line hits="0" number="1082"/>
						<line hits="0" number="1083"/>
						<line hits="0" number="1085"/>
						<line hits="0" number="1086"/>
						<line hits="0" number="1088"/>
						<line hits="0" number="1099"/>
						<line hits="0" number="1100"/>
						<line hits="0" number="1102"/>
						<line hits="0" number="1103"/>
						<line hits="0" number="1107"/>
						<line hits="0" number="1108"/>
						<line hits="0" number="1109"/>
						<line branch="true" condition-coverage="0% (0/2)" hits="0" number="1110"/>
						<line hits="0" number="1111"/>
						<line hits="0" number="1113"/>
						<line hits="0" number="1114"/>
						<line hits="0" number="1117"/>
						<line branch="true" condition-coverage="0% (0/2)" hits="0" number="1118"/>
						<line hits="0" number="1120"/>
						<line hits="0" number="1122"/>
						<line hits="0" number="1123"/>
						<line hits="0" number="1124"/>
						<line hits="0" number="1129"/>
						<line branch="true" condition-coverage="0% (0/2)" hits="0" number="1136"/>
						<line hits="0" number="1137"/>
						<line hits="0" number="1140"/>
						<line hits="0" number="1146"/>
						<line hits="0" number="1147"/>
						<line branch="true" condition-coverage="0% (0/3)" hits="0" number="1150"/>
						<line branch="true" condition-coverage="0% (0/2)" hits="0" number="1152"/>
						<line hits="0" number="1153"/>
						<line branch="true" condition-coverage="0% (0/2)" hits="0" number="1154"/>
						<line hits="0" number="1155"/>
						<line hits="0" number="1157"/>
						<line hits="0" number="1159"/>
						<line hits="0" number="1161"/>
						<line hits="0" number="1162"/>
						<line branch="true" condition-coverage="0% (0/4)" hits="0" number="1165"/>
						<line branch="true" condition-coverage="0% (0/2)" hits="0" number="1168"/>
						<line hits="0" number="1169"/>
						<line branch="true" condition-coverage="0% (0/2)" hits="0" number="1170"/>
						<line hits="0" number="1171"/>
						<line hits="0" number="1173"/>
						<line hits="0" number="1178"/>
						<line branch="true" condition-coverage="0% (0/3)" hits="0" number="1181"/>
						<line hits="0" number="1183"/>
						<line hits="0" number="1184"/>
						<line branch="true" condition-coverage="0% (0/2)" hits="0" number="1185"/>
						<line hits="0" number="1186"/>
						<line branch="true" condition-coverage="0% (0/2)" hits="0" number="1187"/>
						<line branch="true" condition-coverage="0% (0/2)" hits="0" number="1188"/>
						<line hits="0" number="1189"/>
						<line hits="0" number="1190"/>
						<line hits="0" number="1191"/>
						<line hits="0" number="1192"/>
						<line hits="0" number="1193"/>
						<line hits="0" number="1194"/>
						<line branch="true" condition-coverage="0% (0/2)" hits="0" number="1196"/>
						<line branch="true" condition-coverage="0% (0/2)" hits="0" number="1197"/>
						<line hits="0" number="1198"/>
						<line hits="0" number="1200"/>
						<line hits="0" number="1201"/>
						<line hits="0" number="1206"/>
						<line hits="0" number="1208"/>
						<line branch="true" condition-coverage="0% (0/2)" hits="0" number="1211"/>
						<line hits="0" number="1212"/>
						<line hits="0" number="1213"/>
						<line branch="true" condition-coverage="0% (0/2)" hits="0" number="1216"/>
						<line hits="0" number="1217"/>
						<line hits="0" number="1219"/>
						<line branch="true" condition-coverage="0% (0/2)" hits="0" number="1222"/>
						<line hits="0" number="1223"/>
						<line hits="0" number="1224"/>
						<line hits="0" number="1226"/>
						<line hits="0" number="1228"/>
						<line hits="0" number="1231"/>
						<line hits="0" number="1246"/>
						<line hits="0" number="1248"/>
						<line hits="0" number="1254"/>
						<line hits="0" number="1255"/>
						<line hits="0" number="1256"/>
						<line hits="0" number="1258"/>
						<line hits="0" number="1259"/>
						<line hits="0" number="1261"/>
						<line branch="true" condition-coverage="0% (0/2)" hits="0" number="1263"/>
						<line hits="0" number="1264"/>
						<line branch="true" condition-coverage="0% (0/2)" hits="0" number="1266"/>
						<line hits="0" number="1267"/>
						<line hits="0" number="1269"/>
						<line hits="0" number="1273"/>
						<line branch="true" condition-coverage="0% (0/2)" hits="0" number="1276"/>
						<line branch="true" condition-coverage="0% (0/2)" hits="0" number="1277"/>
						<line hits="0" number="1278"/>
						<line hits="0" number="1279"/>
						<line hits="0" number="1280"/>
						<line hits="0" number="1281"/>
						<line hits="0" number="1283"/>
						<line branch="true" condition-coverage="0% (0/2)" hits="0" number="1285"/>
						<line hits="0" number="1286"/>
						<line hits="0" number="1288"/>
						<line hits="0" number="1292"/>
						<line branch="true" condition-coverage="0% (0/2)" hits="0" number="1294"/>
						<line hits="0" number="1295"/>
						<line hits="0" number="1297"/>
						<line hits="0" number="1299"/>
						<line hits="0" number="1309"/>
						<line hits="0" number="1311"/>
						<line hits="0" number="1317"/>
						<line hits="0" number="1319"/>
						<line hits="0" number="1320"/>
						<line hits="0" number="1321"/>
						<line hits="0" number="1322"/>
						<line hits="0" number="1323"/>
						<line hits="0" number="1328"/>
						<line hits="0" number="1329"/>
						<line hits="0" number="1337"/>
						<line hits="0" number="1338"/>
						<line hits="0" number="1344"/>
						<line hits="0" number="1352"/>
						<line hits="0" number="1353"/>
						<line hits="0" number="1354"/>
						<line hits="0" number="1355"/>
						<line hits="0" number="1356"/>
						<line hits="0" number="1357"/>
						<line hits="0" number="1358"/>
						<line hits="0" number="1359"/>
						<line hits="0" number="1360"/>
						<line hits="0" number="1362"/>
						<line hits="0" number="1363"/>
						<line hits="0" number="1364"/>
						<line hits="0" number="1365"/>
						<line hits="0" number="1366"/>
						<line branch="true" condition-coverage="0% (0/2)" hits="0" number="1367"/>
						<line hits="0" number="1368"/>
						<line branch="true" condition-coverage="0% (0/2)" hits="0" number="1369"/>
						<line hits="0" number="1370"/>
						<line hits="0" number="1372"/>
						<line hits="0" number="1374"/>
						<line hits="0" number="1375"/>
						<line branch="true" condition-coverage="0% (0/2)" hits="0" number="1376"/>
						<line hits="0" number="1377"/>
						<line branch="true" condition-coverage="0% (0/2)" hits="0" number="1378"/>
						<line hits="0" number="1379"/>
						<line hits="0" number="1380"/>
						<line hits="0" number="1382"/>
						<line branch="true" condition-coverage="0% (0/2)" hits="0" number="1384"/>
						<line hits="0" number="1385"/>
						<line hits="0" number="1387"/>
						<line branch="true" condition-coverage="0% (0/2)" hits="0" number="1388"/>
						<line hits="0" number="1389"/>
						<line hits="0" number="1391"/>
						<line hits="0" number="1392"/>
						<line branch="true" condition-coverage="0% (0/2)" hits="0" number="1393"/>
						<line hits="0" number="1396"/>
						<line hits="0" number="1399"/>
						<line hits="0" number="1400"/>
						<line hits="0" number="1401"/>
						<line hits="0" number="1412"/>
						<line hits="0" number="1413"/>
						<line hits="0" number="1415"/>
						<line branch="true" condition-coverage="0% (0/2)" hits="0" number="1416"/>
						<line hits="0" number="1417"/>
						<line hits="0" number="1418"/>
						<line hits="0" number="1419"/>
						<line hits="0" number="1420"/>
						<line hits="0" number="1422"/>
						<line hits="0" number="1423"/>
						<line branch="true" condition-coverage="0% (0/2)" hits="0" number="1424"/>
						<line hits="0" number="1425"/>
						<line hits="0" number="1426"/>
						<line hits="0" number="1428"/>
						<line branch="true" condition-coverage="0% (0/2)" hits="0" number="1429"/>
						<line hits="0" number="1434"/>
						<line hits="0" number="1435"/>
						<line hits="0" number="1438"/>
						<line hits="0" number="1439"/>
						<line branch="true" condition-coverage="0% (0/2)" hits="0" number="1440"/>
						<line branch="true" condition-coverage="0% (0/2)" hits="0" number="1443"/>
						<line branch="true" condition-coverage="0% (0/2)" hits="0" number="1444"/>
						<line hits="0" number="1445"/>
						<line hits="0" number="1446"/>
						<line hits="0" number="1447"/>
						<line hits="0" number="1450"/>
						<line branch="true" condition-coverage="0% (0/2)" hits="0" number="1451"/>
						<line hits="0" number="1456"/>
						<line hits="0" number="1457"/>
						<line hits="0" number="1460"/>
						<line hits="0" number="1461"/>
						<line hits="0" number="1463"/>
						<line hits="0" number="1464"/>
					</lines>
				</class>
				<class branch-rate="0" complexity="0" filename="/usr/local/lib/python2.7/dist-packages/django/contrib/admin/sites.py" line-rate="0" name="/usr/local/lib/python2.7/dist-packages/django/contrib/admin/sites">
					<methods/>
					<lines>
						<line hits="0" number="1"/>
						<line hits="0" number="2"/>
						<line hits="0" number="3"/>
						<line hits="0" number="4"/>
						<line hits="0" number="5"/>
						<line hits="0" number="6"/>
						<line hits="0" number="7"/>
						<line hits="0" number="8"/>
						<line hits="0" number="9"/>
						<line hits="0" number="10"/>
						<line hits="0" number="11"/>
						<line hits="0" number="12"/>
						<line hits="0" number="13"/>
						<line hits="0" number="14"/>
						<line hits="0" number="15"/>
						<line hits="0" number="16"/>
						<line hits="0" number="18"/>
						<line hits="0" number="20"/>
						<line hits="0" number="21"/>
						<line hits="0" number="23"/>
						<line hits="0" number="24"/>
						<line hits="0" number="26"/>
						<line hits="0" number="34"/>
						<line hits="0" number="35"/>
						<line hits="0" number="36"/>
						<line hits="0" number="37"/>
						<line hits="0" number="38"/>
						<line hits="0" number="39"/>
						<line hits="0" number="40"/>
						<line hits="0" number="42"/>
						<line hits="0" number="43"/>
						<line hits="0" number="44"/>
						<line hits="0" number="45"/>
						<line hits="0" number="46"/>
						<line hits="0" number="47"/>
						<line hits="0" number="49"/>
						<line branch="true" condition-coverage="0% (0/2)" hits="0" number="63"/>
						<line hits="0" number="64"/>
						<line branch="true" condition-coverage="0% (0/2)" hits="0" number="67"/>
						<line hits="0" number="68"/>
						<line branch="true" condition-coverage="0% (0/2)" hits="0" number="70"/>
						<line branch="true" condition-coverage="0% (0/2)" hits="0" number="72"/>
						<line hits="0" number="73"/>
						<line branch="true" condition-coverage="0% (0/2)" hits="0" number="74"/>
						<line branch="true" condition-coverage="0% (0/2)" hits="0" number="75"/>
						<line hits="0" number="76"/>
						<line branch="true" condition-coverage="0% (0/2)" hits="0" number="79"/>
						<line hits="0" number="80"/>
						<line branch="true" condition-coverage="0% (0/2)" hits="0" number="84"/>
						<line hits="0" number="88"/>
						<line hits="0" number="89"/>
						<line hits="0" number="92"/>
						<line hits="0" number="95"/>
						<line hits="0" number="97"/>
						<line branch="true" condition-coverage="0% (0/2)" hits="0" number="103"/>
						<line hits="0" number="104"/>
						<line branch="true" condition-coverage="0% (0/2)" hits="0" number="105"/>
						<line branch="true" condition-coverage="0% (0/2)" hits="0" number="106"/>
						<line hits="0" number="107"/>
						<line hits="0" number="108"/>
						<line hits="0" number="110"/>
						<line hits="0" number="114"/>
						<line hits="0" number="115"/>
						<line hits="0" number="116"/>
						<line hits="0" number="118"/>
						<line hits="0" number="122"/>
						<line hits="0" number="124"/>
						<line hits="0" number="129"/>
						<line hits="0" number="131"/>
						<line hits="0" number="136"/>
						<line hits="0" number="138"/>
						<line hits="0" number="143"/>
						<line hits="0" number="145"/>
						<line hits="0" number="152"/>
						<line hits="0" number="153"/>
						<line branch="true" condition-coverage="0% (0/2)" hits="0" number="155"/>
						<line hits="0" number="156"/>
						<line branch="true" condition-coverage="0% (0/2)" hits="0" number="158"/>
						<line hits="0" number="159"/>
						<line branch="true" condition-coverage="0% (0/2)" hits="0" number="161"/>
						<line hits="0" number="163"/>
						<line hits="0" number="166"/>
						<line hits="0" number="189"/>
						<line branch="true" condition-coverage="0% (0/2)" hits="0" number="190"/>
						<line branch="true" condition-coverage="0% (0/2)" hits="0" number="191"/>
						<line hits="0" number="193"/>
						<line hits="0" number="194"/>
						<line hits="0" number="195"/>
						<line hits="0" number="196"/>
						<line branch="true" condition-coverage="0% (0/2)" hits="0" number="197"/>
						<line hits="0" number="198"/>
						<line branch="true" condition-coverage="0% (0/2)" hits="0" number="201"/>
						<line hits="0" number="202"/>
						<line hits="0" number="203"/>
						<line hits="0" number="205"/>
						<line hits="0" number="206"/>
						<line branch="true" condition-coverage="0% (0/2)" hits="0" number="208"/>
						<line hits="0" number="209"/>
						<line hits="0" number="211"/>
						<line hits="0" number="212"/>
						<line hits="0" number="213"/>
						<line hits="0" number="214"/>
						<line hits="0" number="217"/>
[...]
						<line branch="true" condition-coverage="0% (0/2)" hits="0" number="41"/>
						<line hits="0" number="42"/>
						<line branch="true" condition-coverage="0% (0/2)" hits="0" number="44"/>
						<line hits="0" number="45"/>
						<line hits="0" number="47"/>
						<line branch="true" condition-coverage="0% (0/2)" hits="0" number="48"/>
						<line hits="0" number="49"/>
						<line branch="true" condition-coverage="0% (0/2)" hits="0" number="50"/>
						<line hits="0" number="51"/>
						<line branch="true" condition-coverage="0% (0/2)" hits="0" number="52"/>
						<line hits="0" number="53"/>
						<line hits="0" number="55"/>
						<line branch="true" condition-coverage="0% (0/2)" hits="0" number="57"/>
						<line hits="0" number="58"/>
						<line branch="true" condition-coverage="0% (0/2)" hits="0" number="59"/>
						<line hits="0" number="60"/>
						<line hits="0" number="61"/>
						<line hits="0" number="63"/>
						<line hits="0" number="65"/>
						<line hits="0" number="67"/>
						<line hits="0" number="68"/>
						<line branch="true" condition-coverage="0% (0/2)" hits="0" number="69"/>
						<line hits="0" number="70"/>
						<line hits="0" number="72"/>
						<line branch="true" condition-coverage="0% (0/2)" hits="0" number="74"/>
						<line hits="0" number="75"/>
						<line hits="0" number="77"/>
						<line hits="0" number="78"/>
						<line hits="0" number="79"/>
						<line branch="true" condition-coverage="0% (0/2)" hits="0" number="80"/>
						<line hits="0" number="81"/>
						<line hits="0" number="83"/>
						<line branch="true" condition-coverage="0% (0/2)" hits="0" number="84"/>
						<line hits="0" number="85"/>
						<line hits="0" number="87"/>
						<line hits="0" number="88"/>
						<line hits="0" number="90"/>
						<line branch="true" condition-coverage="0% (0/2)" hits="0" number="91"/>
						<line hits="0" number="92"/>
						<line branch="true" condition-coverage="0% (0/2)" hits="0" number="94"/>
						<line branch="true" condition-coverage="0% (0/2)" hits="0" number="95"/>
						<line hits="0" number="96"/>
						<line branch="true" condition-coverage="0% (0/2)" hits="0" number="97"/>
						<line branch="true" condition-coverage="0% (0/2)" hits="0" number="98"/>
						<line branch="true" condition-coverage="0% (0/2)" hits="0" number="99"/>
						<line hits="0" number="100"/>
						<line hits="0" number="101"/>
						<line hits="0" number="103"/>
						<line branch="true" condition-coverage="0% (0/2)" hits="0" number="104"/>
						<line branch="true" condition-coverage="0% (0/2)" hits="0" number="105"/>
						<line hits="0" number="106"/>
						<line hits="0" number="107"/>
						<line branch="true" condition-coverage="0% (0/2)" hits="0" number="109"/>
						<line branch="true" condition-coverage="0% (0/2)" hits="0" number="110"/>
						<line hits="0" number="111"/>
						<line branch="true" condition-coverage="0% (0/2)" hits="0" number="113"/>
						<line hits="0" number="115"/>
						<line branch="true" condition-coverage="0% (0/2)" hits="0" number="117"/>
						<line branch="true" condition-coverage="0% (0/2)" hits="0" number="118"/>
						<line hits="0" number="119"/>
						<line branch="true" condition-coverage="0% (0/2)" hits="0" number="120"/>
						<line hits="0" number="121"/>
						<line branch="true" condition-coverage="0% (0/2)" hits="0" number="124"/>
						<line branch="true" condition-coverage="0% (0/2)" hits="0" number="125"/>
						<line branch="true" condition-coverage="0% (0/2)" hits="0" number="126"/>
						<line hits="0" number="127"/>
						<line branch="true" condition-coverage="0% (0/2)" hits="0" number="128"/>
						<line hits="0" number="129"/>
					</lines>
				</class>
				<class branch-rate="0" complexity="0" filename="/usr/local/lib/python2.7/dist-packages/django_jenkins/tasks/run_graphmodels.py" line-rate="0" name="/usr/local/lib/python2.7/dist-packages/django_jenkins/tasks/run_graphmodels">
					<methods/>
					<lines>
						<line hits="0" number="3"/>
						<line hits="0" number="4"/>
						<line hits="0" number="5"/>
						<line hits="0" number="6"/>
						<line hits="0" number="7"/>
						<line hits="0" number="10"/>
						<line hits="0" number="12"/>
						<line hits="0" number="35"/>
						<line branch="true" condition-coverage="0% (0/2)" hits="0" number="36"/>
						<line branch="true" condition-coverage="0% (0/2)" hits="0" number="37"/>
						<line hits="0" number="38"/>
						<line hits="0" number="40"/>
						<line hits="0" number="42"/>
						<line hits="0" number="43"/>
						<line hits="0" number="44"/>
						<line branch="true" condition-coverage="0% (0/2)" hits="0" number="45"/>
						<line hits="0" number="46"/>
						<line hits="0" number="48"/>
						<line hits="0" number="50"/>
						<line hits="0" number="52"/>
						<line hits="0" number="53"/>
						<line hits="0" number="54"/>
						<line branch="true" condition-coverage="0% (0/2)" hits="0" number="57"/>
						<line branch="true" condition-coverage="0% (0/2)" hits="0" number="58"/>
						<line hits="0" number="59"/>
						<line hits="0" number="60"/>
						<line hits="0" number="61"/>
						<line hits="0" number="64"/>
						<line branch="true" condition-coverage="0% (0/2)" hits="0" number="65"/>
						<line hits="0" number="66"/>
						<line branch="true" condition-coverage="0% (0/2)" hits="0" number="68"/>
						<line hits="0" number="69"/>
						<line hits="0" number="72"/>
						<line branch="true" condition-coverage="0% (0/2)" hits="0" number="73"/>
						<line hits="0" number="74"/>
						<line hits="0" number="75"/>
						<line branch="true" condition-coverage="0% (0/2)" hits="0" number="77"/>
						<line hits="0" number="78"/>
						<line hits="0" number="80"/>
						<line branch="true" condition-coverage="0% (0/2)" hits="0" number="82"/>
						<line hits="0" number="83"/>
						<line hits="0" number="84"/>
						<line hits="0" number="86"/>
					</lines>
				</class>
				<class branch-rate="0" complexity="0" filename="/usr/local/lib/python2.7/dist-packages/django_jenkins/tasks/run_jshint.py" line-rate="0" name="/usr/local/lib/python2.7/dist-packages/django_jenkins/tasks/run_jshint">
					<methods/>
					<lines>
						<line hits="0" number="2"/>
						<line hits="0" number="3"/>
						<line hits="0" number="4"/>
						<line hits="0" number="5"/>
						<line hits="0" number="6"/>
						<line hits="0" number="7"/>
						<line hits="0" number="8"/>
						<line hits="0" number="9"/>
						<line hits="0" number="10"/>
						<line hits="0" number="12"/>
						<line hits="0" number="13"/>
						<line hits="0" number="25"/>
						<line hits="0" number="26"/>
						<line hits="0" number="27"/>
						<line hits="0" number="28"/>
						<line hits="0" number="29"/>
						<line hits="0" number="30"/>
						<line branch="true" condition-coverage="0% (0/2)" hits="0" number="32"/>
						<line hits="0" number="33"/>
						<line branch="true" condition-coverage="0% (0/2)" hits="0" number="34"/>
						<line hits="0" number="35"/>
						<line hits="0" number="36"/>
						<line hits="0" number="38"/>
						<line hits="0" number="40"/>
						<line hits="0" number="42"/>
						<line hits="0" number="43"/>
						<line hits="0" number="45"/>
						<line branch="true" condition-coverage="0% (0/2)" hits="0" number="46"/>
						<line hits="0" number="47"/>
						<line hits="0" number="48"/>
						<line hits="0" number="50"/>
						<line hits="0" number="51"/>
						<line hits="0" number="52"/>
						<line branch="true" condition-coverage="0% (0/2)" hits="0" number="53"/>
						<line hits="0" number="54"/>
						<line hits="0" number="56"/>
						<line hits="0" number="59"/>
						<line hits="0" number="60"/>
						<line hits="0" number="62"/>
						<line branch="true" condition-coverage="0% (0/2)" hits="0" number="63"/>
						<line hits="0" number="64"/>
						<line branch="true" condition-coverage="0% (0/2)" hits="0" number="66"/>
						<line branch="true" condition-coverage="0% (0/2)" hits="0" number="67"/>
						<line hits="0" number="68"/>
						<line branch="true" condition-coverage="0% (0/2)" hits="0" number="69"/>
						<line branch="true" condition-coverage="0% (0/2)" hits="0" number="70"/>
						<line branch="true" condition-coverage="0% (0/2)" hits="0" number="71"/>
						<line hits="0" number="72"/>
						<line hits="0" number="73"/>
						<line hits="0" number="75"/>
						<line branch="true" condition-coverage="0% (0/2)" hits="0" number="76"/>
						<line branch="true" condition-coverage="0% (0/2)" hits="0" number="77"/>
						<line hits="0" number="78"/>
						<line hits="0" number="79"/>
						<line branch="true" condition-coverage="0% (0/2)" hits="0" number="81"/>
						<line branch="true" condition-coverage="0% (0/2)" hits="0" number="82"/>
						<line hits="0" number="83"/>
						<line branch="true" condition-coverage="0% (0/2)" hits="0" number="85"/>
						<line hits="0" number="87"/>
						<line branch="true" condition-coverage="0% (0/2)" hits="0" number="89"/>
						<line branch="true" condition-coverage="0% (0/2)" hits="0" number="90"/>
						<line hits="0" number="91"/>
						<line branch="true" condition-coverage="0% (0/2)" hits="0" number="92"/>
						<line hits="0" number="93"/>
						<line branch="true" condition-coverage="0% (0/2)" hits="0" number="96"/>
						<line branch="true" condition-coverage="0% (0/2)" hits="0" number="97"/>
						<line branch="true" condition-coverage="0% (0/2)" hits="0" number="98"/>
						<line hits="0" number="99"/>
						<line branch="true" condition-coverage="0% (0/2)" hits="0" number="100"/>
						<line hits="0" number="101"/>
					</lines>
				</class>
				<class branch-rate="0" complexity="0" filename="/usr/local/lib/python2.7/dist-packages/django_jenkins/tasks/run_pep8.py" line-rate="0" name="/usr/local/lib/python2.7/dist-packages/django_jenkins/tasks/run_pep8">
					<methods/>
					<lines>
						<line hits="0" number="2"/>
						<line hits="0" number="3"/>
						<line hits="0" number="4"/>
						<line hits="0" number="5"/>
						<line hits="0" number="6"/>
						<line hits="0" number="7"/>
						<line hits="0" number="10"/>
						<line hits="0" number="11"/>
						<line hits="0" number="25"/>
						<line hits="0" number="26"/>
						<line hits="0" number="27"/>
						<line branch="true" condition-coverage="0% (0/2)" hits="0" number="29"/>
						<line hits="0" number="30"/>
						<line branch="true" condition-coverage="0% (0/2)" hits="0" number="31"/>
						<line hits="0" number="32"/>
						<line hits="0" number="33"/>
						<line hits="0" number="35"/>
						<line hits="0" number="37"/>
						<line branch="true" condition-coverage="0% (0/2)" hits="0" number="38"/>
						<line hits="0" number="39"/>
						<line branch="true" condition-coverage="0% (0/2)" hits="0" number="40"/>
						<line hits="0" number="41"/>
						<line branch="true" condition-coverage="0% (0/2)" hits="0" number="42"/>
						<line hits="0" number="43"/>
						<line hits="0" number="45"/>
						<line hits="0" number="46"/>
						<line hits="0" number="48"/>
						<line hits="0" number="49"/>
						<line hits="0" number="50"/>
						<line branch="true" condition-coverage="0% (0/2)" hits="0" number="52"/>
						<line hits="0" number="53"/>
						<line hits="0" number="54"/>
						<line hits="0" number="55"/>
						<line hits="0" number="57"/>
						<line branch="true" condition-coverage="0% (0/2)" hits="0" number="59"/>
						<line hits="0" number="60"/>
						<line hits="0" number="62"/>
					</lines>
				</class>
				<class branch-rate="0.1" complexity="0" filename="/usr/local/lib/python2.7/dist-packages/django_jenkins/tasks/run_pyflakes.py" line-rate="0" name="/usr/local/lib/python2.7/dist-packages/django_jenkins/tasks/run_pyflakes">
					<methods/>
					<lines>
						<line hits="0" number="2"/>
						<line hits="0" number="3"/>
						<line hits="0" number="4"/>
						<line hits="0" number="5"/>
						<line hits="0" number="6"/>
						<line hits="0" number="7"/>
						<line hits="0" number="8"/>
						<line hits="0" number="10"/>
						<line hits="0" number="11"/>
						<line hits="0" number="12"/>
						<line hits="0" number="13"/>
						<line hits="0" number="16"/>
						<line hits="0" number="17"/>
						<line hits="0" number="23"/>
						<line hits="0" number="24"/>
						<line hits="0" number="25"/>
						<line hits="0" number="26"/>
						<line branch="true" condition-coverage="0% (0/2)" hits="0" number="28"/>
						<line hits="0" number="29"/>
						<line branch="true" condition-coverage="0% (0/2)" hits="0" number="30"/>
						<line hits="0" number="31"/>
						<line hits="0" number="32"/>
						<line hits="0" number="34"/>
						<line hits="0" number="36"/>
						<line hits="0" number="37"/>
						<line hits="0" number="40"/>
						<line hits="0" number="41"/>
						<line hits="0" number="42"/>
						<line branch="true" condition-coverage="0% (0/2)" hits="0" number="43"/>
						<line branch="true" condition-coverage="0% (0/2)" hits="0" number="44"/>
						<line branch="true" condition-coverage="0% (0/2)" hits="0" number="45"/>
						<line branch="true" condition-coverage="0% (0/2)" hits="0" number="46"/>
						<line hits="0" number="47"/>
						<line branch="true" condition-coverage="0% (0/2)" hits="0" number="48"/>
						<line branch="true" condition-coverage="0% (0/2)" hits="0" number="49"/>
						<line hits="0" number="50"/>
						<line hits="0" number="52"/>
						<line hits="0" number="54"/>
						<line hits="0" number="57"/>
						<line branch="true" condition-coverage="100% (2/2)" hits="0" number="59"/>
						<line hits="0" number="60"/>
						<line branch="true" condition-coverage="0% (0/2)" hits="0" number="61"/>
						<line hits="0" number="62"/>
						<line hits="0" number="63"/>
						<line hits="0" number="64"/>
						<line hits="0" number="66"/>
					</lines>
				</class>
				<class branch-rate="0.125" complexity="0" filename="/usr/local/lib/python2.7/dist-packages/django_jenkins/tasks/run_pylint.py" line-rate="0.1515" name="/usr/local/lib/python2.7/dist-packages/django_jenkins/tasks/run_pylint">
					<methods/>
					<lines>
						<line hits="0" number="3"/>
						<line hits="0" number="4"/>
						<line hits="0" number="5"/>
						<line hits="0" number="6"/>
						<line hits="0" number="7"/>
						<line hits="0" number="9"/>
						<line hits="0" number="10"/>
						<line hits="0" number="13"/>
						<line hits="0" number="14"/>
						<line hits="0" number="22"/>
						<line hits="0" number="23"/>
						<line hits="0" number="25"/>
						<line hits="0" number="26"/>
						<line hits="0" number="27"/>
						<line branch="true" condition-coverage="0% (0/2)" hits="0" number="29"/>
						<line hits="0" number="30"/>
						<line branch="true" condition-coverage="0% (0/2)" hits="0" number="31"/>
						<line hits="0" number="32"/>
						<line hits="0" number="33"/>
						<line hits="0" number="35"/>
						<line hits="0" number="37"/>
						<line hits="1" number="38"/>
						<line branch="true" condition-coverage="50% (1/2)" hits="1" number="39"/>
						<line hits="0" number="40"/>
						<line hits="1" number="41"/>
						<line hits="1" number="43"/>
						<line hits="1" number="45"/>
						<line hits="0" number="47"/>
						<line hits="0" number="49"/>
						<line branch="true" condition-coverage="0% (0/2)" hits="0" number="50"/>
						<line hits="0" number="51"/>
						<line hits="0" number="54"/>
						<line hits="0" number="55"/>
					</lines>
				</class>
				<class branch-rate="0" complexity="0" filename="/usr/local/lib/python2.7/dist-packages/django_jenkins/tasks/run_sloccount.py" line-rate="0" name="/usr/local/lib/python2.7/dist-packages/django_jenkins/tasks/run_sloccount">
					<methods/>
					<lines>
						<line hits="0" number="2"/>
						<line hits="0" number="3"/>
						<line hits="0" number="4"/>
						<line hits="0" number="5"/>
						<line hits="0" number="6"/>
						<line hits="0" number="9"/>
						<line hits="0" number="10"/>
						<line hits="0" number="16"/>
						<line hits="0" number="17"/>
						<line hits="0" number="18"/>
						<line hits="0" number="19"/>
						<line branch="true" condition-coverage="0% (0/2)" hits="0" number="21"/>
						<line hits="0" number="22"/>
						<line branch="true" condition-coverage="0% (0/2)" hits="0" number="23"/>
						<line hits="0" number="24"/>
						<line hits="0" number="25"/>
						<line hits="0" number="27"/>
						<line hits="0" number="30"/>
						<line hits="0" number="31"/>
						<line hits="0" number="33"/>
						<line hits="0" number="35"/>
						<line branch="true" condition-coverage="0% (0/2)" hits="0" number="37"/>
						<line hits="0" number="38"/>
						<line branch="true" condition-coverage="0% (0/2)" hits="0" number="40"/>
						<line branch="true" condition-coverage="0% (0/2)" hits="0" number="41"/>
						<line hits="0" number="42"/>
						<line hits="0" number="43"/>
						<line hits="0" number="44"/>
					</lines>
				</class>
				<class branch-rate="0" complexity="0" filename="/usr/local/lib/python2.7/dist-packages/django_jenkins/tasks/with_coverage.py" line-rate="0" name="/usr/local/lib/python2.7/dist-packages/django_jenkins/tasks/with_coverage">
					<methods/>
					<lines>
						<line hits="0" number="3"/>
						<line hits="0" number="4"/>
						<line hits="0" number="5"/>
						<line hits="0" number="6"/>
						<line hits="0" number="7"/>
						<line hits="0" number="8"/>
						<line hits="0" number="11"/>
						<line hits="0" number="12"/>
						<line hits="0" number="32"/>
						<line hits="0" number="33"/>
						<line hits="0" number="34"/>
						<line hits="0" number="35"/>
						<line hits="0" number="36"/>
						<line hits="0" number="38"/>
						<line hits="0" number="40"/>
						<line hits="0" number="43"/>
						<line branch="true" condition-coverage="0% (0/2)" hits="0" number="44"/>
						<line hits="0" number="46"/>
						<line hits="0" number="47"/>
						<line hits="0" number="48"/>
						<line hits="0" number="49"/>
						<line hits="0" number="51"/>
						<line hits="0" number="55"/>
						<line hits="0" number="56"/>
						<line hits="0" number="58"/>
						<line hits="0" number="59"/>
						<line hits="0" number="61"/>
						<line branch="true" condition-coverage="0% (0/2)" hits="0" number="64"/>
						<line hits="0" number="65"/>
						<line hits="0" number="66"/>
						<line branch="true" condition-coverage="0% (0/2)" hits="0" number="68"/>
						<line hits="0" number="69"/>
						<line hits="0" number="71"/>
						<line branch="true" condition-coverage="0% (0/2)" hits="0" number="72"/>
						<line hits="0" number="73"/>
						<line branch="true" condition-coverage="0% (0/2)" hits="0" number="74"/>
						<line branch="true" condition-coverage="0% (0/2)" hits="0" number="75"/>
						<line hits="0" number="76"/>
						<line hits="0" number="78"/>
						<line hits="0" number="80"/>
						<line hits="0" number="82"/>
						<line branch="true" condition-coverage="0% (0/2)" hits="0" number="83"/>
						<line hits="0" number="84"/>
						<line hits="0" number="85"/>
					</lines>
				</class>
				<class branch-rate="0" complexity="0" filename="/usr/local/lib/python2.7/dist-packages/django_jenkins/tasks/with_local_celery.py" line-rate="0" name="/usr/local/lib/python2.7/dist-packages/django_jenkins/tasks/with_local_celery">
					<methods/>
					<lines>
						<line hits="0" number="2"/>
						<line hits="0" number="3"/>
						<line hits="0" number="6"/>
						<line hits="0" number="11"/>
						<line hits="0" number="12"/>
						<line hits="0" number="13"/>
					</lines>
				</class>
				<class branch-rate="0" complexity="0" filename="/usr/local/lib/python2.7/dist-packages/django_jenkins/tests.py" line-rate="1" name="/usr/local/lib/python2.7/dist-packages/django_jenkins/tests">
					<methods/>
					<lines>
						<line hits="1" number="2"/>
						<line hits="1" number="5"/>
						<line hits="1" number="6"/>
						<line hits="1" number="7"/>
					</lines>
				</class>
			</classes>
		</package>
	</packages>
</coverage>
